C:\USERS\SUBARNA\DOCUMENTS\SUBARNA\UCSD_DOCS\SEGMENTATION\LIBSVX\LIBSVX.V2.0\LIBSVX.V2.0\MOTION_GBH_STREAM\GBH_STREAM\DEBUG\GBH_STREAM.EXE
C:\USERS\SUBARNA\DOCUMENTS\SUBARNA\UCSD_DOCS\SEGMENTATION\LIBSVX\LIBSVX.V2.0\LIBSVX.V2.0\MOTION_GBH_STREAM\GBH_STREAM\DEBUG\GBH_STREAM.ILK
C:\USERS\SUBARNA\DOCUMENTS\SUBARNA\UCSD_DOCS\SEGMENTATION\LIBSVX\LIBSVX.V2.0\LIBSVX.V2.0\MOTION_GBH_STREAM\GBH_STREAM\DEBUG\GBH_STREAM.PDB
C:\Users\subarna\Documents\subarna\UCSD_docs\segmentation\libsvx\libsvx.v2.0\libsvx.v2.0\motion_gbh_stream\gbh_stream\gbh_stream\Debug\cl.command.1.tlog
C:\Users\subarna\Documents\subarna\UCSD_docs\segmentation\libsvx\libsvx.v2.0\libsvx.v2.0\motion_gbh_stream\gbh_stream\gbh_stream\Debug\CL.read.1.tlog
C:\Users\subarna\Documents\subarna\UCSD_docs\segmentation\libsvx\libsvx.v2.0\libsvx.v2.0\motion_gbh_stream\gbh_stream\gbh_stream\Debug\CL.write.1.tlog
C:\USERS\SUBARNA\DOCUMENTS\SUBARNA\UCSD_DOCS\SEGMENTATION\LIBSVX\LIBSVX.V2.0\LIBSVX.V2.0\MOTION_GBH_STREAM\GBH_STREAM\GBH_STREAM\DEBUG\GBH_STREAM.EXE.EMBED.MANIFEST
C:\USERS\SUBARNA\DOCUMENTS\SUBARNA\UCSD_DOCS\SEGMENTATION\LIBSVX\LIBSVX.V2.0\LIBSVX.V2.0\MOTION_GBH_STREAM\GBH_STREAM\GBH_STREAM\DEBUG\GBH_STREAM.EXE.EMBED.MANIFEST.RES
C:\USERS\SUBARNA\DOCUMENTS\SUBARNA\UCSD_DOCS\SEGMENTATION\LIBSVX\LIBSVX.V2.0\LIBSVX.V2.0\MOTION_GBH_STREAM\GBH_STREAM\GBH_STREAM\DEBUG\GBH_STREAM.EXE.INTERMEDIATE.MANIFEST
C:\USERS\SUBARNA\DOCUMENTS\SUBARNA\UCSD_DOCS\SEGMENTATION\LIBSVX\LIBSVX.V2.0\LIBSVX.V2.0\MOTION_GBH_STREAM\GBH_STREAM\GBH_STREAM\DEBUG\GBH_STREAM.OBJ
C:\Users\subarna\Documents\subarna\UCSD_docs\segmentation\libsvx\libsvx.v2.0\libsvx.v2.0\motion_gbh_stream\gbh_stream\gbh_stream\Debug\gbh_stream.vcxprojResolveAssemblyReference.cache
C:\Users\subarna\Documents\subarna\UCSD_docs\segmentation\libsvx\libsvx.v2.0\libsvx.v2.0\motion_gbh_stream\gbh_stream\gbh_stream\Debug\gbh_stream.write.1.tlog
C:\Users\subarna\Documents\subarna\UCSD_docs\segmentation\libsvx\libsvx.v2.0\libsvx.v2.0\motion_gbh_stream\gbh_stream\gbh_stream\Debug\gbh_stream_manifest.rc
C:\Users\subarna\Documents\subarna\UCSD_docs\segmentation\libsvx\libsvx.v2.0\libsvx.v2.0\motion_gbh_stream\gbh_stream\gbh_stream\Debug\link.11432.read.1.tlog
C:\Users\subarna\Documents\subarna\UCSD_docs\segmentation\libsvx\libsvx.v2.0\libsvx.v2.0\motion_gbh_stream\gbh_stream\gbh_stream\Debug\link.11432.write.1.tlog
C:\Users\subarna\Documents\subarna\UCSD_docs\segmentation\libsvx\libsvx.v2.0\libsvx.v2.0\motion_gbh_stream\gbh_stream\gbh_stream\Debug\link.11432-cvtres.read.1.tlog
C:\Users\subarna\Documents\subarna\UCSD_docs\segmentation\libsvx\libsvx.v2.0\libsvx.v2.0\motion_gbh_stream\gbh_stream\gbh_stream\Debug\link.11432-cvtres.write.1.tlog
C:\Users\subarna\Documents\subarna\UCSD_docs\segmentation\libsvx\libsvx.v2.0\libsvx.v2.0\motion_gbh_stream\gbh_stream\gbh_stream\Debug\link.24628.read.1.tlog
C:\Users\subarna\Documents\subarna\UCSD_docs\segmentation\libsvx\libsvx.v2.0\libsvx.v2.0\motion_gbh_stream\gbh_stream\gbh_stream\Debug\link.24628.write.1.tlog
C:\Users\subarna\Documents\subarna\UCSD_docs\segmentation\libsvx\libsvx.v2.0\libsvx.v2.0\motion_gbh_stream\gbh_stream\gbh_stream\Debug\link.24628-cvtres.read.1.tlog
C:\Users\subarna\Documents\subarna\UCSD_docs\segmentation\libsvx\libsvx.v2.0\libsvx.v2.0\motion_gbh_stream\gbh_stream\gbh_stream\Debug\link.24628-cvtres.write.1.tlog
C:\Users\subarna\Documents\subarna\UCSD_docs\segmentation\libsvx\libsvx.v2.0\libsvx.v2.0\motion_gbh_stream\gbh_stream\gbh_stream\Debug\link.26660.read.1.tlog
C:\Users\subarna\Documents\subarna\UCSD_docs\segmentation\libsvx\libsvx.v2.0\libsvx.v2.0\motion_gbh_stream\gbh_stream\gbh_stream\Debug\link.26660.write.1.tlog
C:\Users\subarna\Documents\subarna\UCSD_docs\segmentation\libsvx\libsvx.v2.0\libsvx.v2.0\motion_gbh_stream\gbh_stream\gbh_stream\Debug\link.26660-cvtres.read.1.tlog
C:\Users\subarna\Documents\subarna\UCSD_docs\segmentation\libsvx\libsvx.v2.0\libsvx.v2.0\motion_gbh_stream\gbh_stream\gbh_stream\Debug\link.26660-cvtres.write.1.tlog
C:\Users\subarna\Documents\subarna\UCSD_docs\segmentation\libsvx\libsvx.v2.0\libsvx.v2.0\motion_gbh_stream\gbh_stream\gbh_stream\Debug\link.26796.read.1.tlog
C:\Users\subarna\Documents\subarna\UCSD_docs\segmentation\libsvx\libsvx.v2.0\libsvx.v2.0\motion_gbh_stream\gbh_stream\gbh_stream\Debug\link.26796.write.1.tlog
C:\Users\subarna\Documents\subarna\UCSD_docs\segmentation\libsvx\libsvx.v2.0\libsvx.v2.0\motion_gbh_stream\gbh_stream\gbh_stream\Debug\link.26796-cvtres.read.1.tlog
C:\Users\subarna\Documents\subarna\UCSD_docs\segmentation\libsvx\libsvx.v2.0\libsvx.v2.0\motion_gbh_stream\gbh_stream\gbh_stream\Debug\link.26796-cvtres.write.1.tlog
C:\Users\subarna\Documents\subarna\UCSD_docs\segmentation\libsvx\libsvx.v2.0\libsvx.v2.0\motion_gbh_stream\gbh_stream\gbh_stream\Debug\link.27104.read.1.tlog
C:\Users\subarna\Documents\subarna\UCSD_docs\segmentation\libsvx\libsvx.v2.0\libsvx.v2.0\motion_gbh_stream\gbh_stream\gbh_stream\Debug\link.27104.write.1.tlog
C:\Users\subarna\Documents\subarna\UCSD_docs\segmentation\libsvx\libsvx.v2.0\libsvx.v2.0\motion_gbh_stream\gbh_stream\gbh_stream\Debug\link.27104-cvtres.read.1.tlog
C:\Users\subarna\Documents\subarna\UCSD_docs\segmentation\libsvx\libsvx.v2.0\libsvx.v2.0\motion_gbh_stream\gbh_stream\gbh_stream\Debug\link.27104-cvtres.write.1.tlog
C:\Users\subarna\Documents\subarna\UCSD_docs\segmentation\libsvx\libsvx.v2.0\libsvx.v2.0\motion_gbh_stream\gbh_stream\gbh_stream\Debug\link.27536.read.1.tlog
C:\Users\subarna\Documents\subarna\UCSD_docs\segmentation\libsvx\libsvx.v2.0\libsvx.v2.0\motion_gbh_stream\gbh_stream\gbh_stream\Debug\link.27536.write.1.tlog
C:\Users\subarna\Documents\subarna\UCSD_docs\segmentation\libsvx\libsvx.v2.0\libsvx.v2.0\motion_gbh_stream\gbh_stream\gbh_stream\Debug\link.27536-cvtres.read.1.tlog
C:\Users\subarna\Documents\subarna\UCSD_docs\segmentation\libsvx\libsvx.v2.0\libsvx.v2.0\motion_gbh_stream\gbh_stream\gbh_stream\Debug\link.27536-cvtres.write.1.tlog
C:\Users\subarna\Documents\subarna\UCSD_docs\segmentation\libsvx\libsvx.v2.0\libsvx.v2.0\motion_gbh_stream\gbh_stream\gbh_stream\Debug\link.command.1.tlog
C:\Users\subarna\Documents\subarna\UCSD_docs\segmentation\libsvx\libsvx.v2.0\libsvx.v2.0\motion_gbh_stream\gbh_stream\gbh_stream\Debug\link.read.1.tlog
C:\Users\subarna\Documents\subarna\UCSD_docs\segmentation\libsvx\libsvx.v2.0\libsvx.v2.0\motion_gbh_stream\gbh_stream\gbh_stream\Debug\link.write.1.tlog
C:\Users\subarna\Documents\subarna\UCSD_docs\segmentation\libsvx\libsvx.v2.0\libsvx.v2.0\motion_gbh_stream\gbh_stream\gbh_stream\Debug\link-cvtres.read.1.tlog
C:\Users\subarna\Documents\subarna\UCSD_docs\segmentation\libsvx\libsvx.v2.0\libsvx.v2.0\motion_gbh_stream\gbh_stream\gbh_stream\Debug\link-cvtres.write.1.tlog
C:\Users\subarna\Documents\subarna\UCSD_docs\segmentation\libsvx\libsvx.v2.0\libsvx.v2.0\motion_gbh_stream\gbh_stream\gbh_stream\Debug\mt.command.1.tlog
C:\Users\subarna\Documents\subarna\UCSD_docs\segmentation\libsvx\libsvx.v2.0\libsvx.v2.0\motion_gbh_stream\gbh_stream\gbh_stream\Debug\mt.read.1.tlog
C:\Users\subarna\Documents\subarna\UCSD_docs\segmentation\libsvx\libsvx.v2.0\libsvx.v2.0\motion_gbh_stream\gbh_stream\gbh_stream\Debug\mt.write.1.tlog
C:\Users\subarna\Documents\subarna\UCSD_docs\segmentation\libsvx\libsvx.v2.0\libsvx.v2.0\motion_gbh_stream\gbh_stream\gbh_stream\Debug\rc.command.1.tlog
C:\Users\subarna\Documents\subarna\UCSD_docs\segmentation\libsvx\libsvx.v2.0\libsvx.v2.0\motion_gbh_stream\gbh_stream\gbh_stream\Debug\rc.read.1.tlog
C:\Users\subarna\Documents\subarna\UCSD_docs\segmentation\libsvx\libsvx.v2.0\libsvx.v2.0\motion_gbh_stream\gbh_stream\gbh_stream\Debug\rc.write.1.tlog
C:\Users\subarna\Documents\subarna\UCSD_docs\segmentation\libsvx\libsvx.v2.0\libsvx.v2.0\motion_gbh_stream\gbh_stream\gbh_stream\Debug\vc100.idb
C:\USERS\SUBARNA\DOCUMENTS\SUBARNA\UCSD_DOCS\SEGMENTATION\LIBSVX\LIBSVX.V2.0\LIBSVX.V2.0\MOTION_GBH_STREAM\GBH_STREAM\GBH_STREAM\DEBUG\VC100.PDB
