Build started 5/1/2013 3:15:19 PM.
     1>Project "C:\Users\subarna\Documents\subarna\UCSD_docs\segmentation\libsvx\libsvx.v2.0\libsvx.v2.0\motion_gbh_stream\gbh_stream\gbh_stream\gbh_stream.vcxproj" on node 2 (build target(s)).
     1>InitializeBuildStatus:
         Creating "Debug\gbh_stream.unsuccessfulbuild" because "AlwaysCreate" was specified.
       ClCompile:
         c:\Program Files (x86)\Microsoft Visual Studio 10.0\VC\bin\CL.exe /c /I..\optical_flow /ZI /nologo /W3 /WX- /Od /Oy- /D WIN32 /D _DEBUG /D _CONSOLE /D _UNICODE /D UNICODE /Gm /EHsc /RTC1 /MDd /GS /fp:precise /Zc:wchar_t /Zc:forScope /Fo"Debug\\" /Fd"Debug\vc100.pdb" /Gd /TP /analyze- /errorReport:prompt ..\..\gbh_stream.cpp
         gbh_stream.cpp
     1>c:\users\subarna\documents\subarna\ucsd_docs\segmentation\libsvx\libsvx.v2.0\libsvx.v2.0\motion_gbh_stream\filter.h(95): warning C4244: '=' : conversion from 'double' to 'float', possible loss of data
     1>c:\users\subarna\documents\subarna\ucsd_docs\segmentation\libsvx\libsvx.v2.0\libsvx.v2.0\motion_gbh_stream\optical_flow\stochastic.h(14): warning C4067: unexpected tokens following preprocessor directive - expected a newline
     1>c:\users\subarna\documents\subarna\ucsd_docs\segmentation\libsvx\libsvx.v2.0\libsvx.v2.0\motion_gbh_stream\optical_flow\stochastic.h(443): warning C4244: 'initializing' : conversion from 'double' to 'int', possible loss of data
     1>c:\users\subarna\documents\subarna\ucsd_docs\segmentation\libsvx\libsvx.v2.0\libsvx.v2.0\motion_gbh_stream\disjoint-set.h(44): warning C4305: 'initializing' : truncation from 'double' to 'const float'
     1>c:\users\subarna\documents\subarna\ucsd_docs\segmentation\libsvx\libsvx.v2.0\libsvx.v2.0\motion_gbh_stream\disjoint-set.h(46): warning C4305: 'initializing' : truncation from 'double' to 'const float'
     1>c:\users\subarna\documents\subarna\ucsd_docs\segmentation\libsvx\libsvx.v2.0\libsvx.v2.0\motion_gbh_stream\disjoint-set.h(257): warning C4244: '=' : conversion from 'float' to 'uchar', possible loss of data
     1>c:\users\subarna\documents\subarna\ucsd_docs\segmentation\libsvx\libsvx.v2.0\libsvx.v2.0\motion_gbh_stream\disjoint-set.h(259): warning C4244: '=' : conversion from 'float' to 'uchar', possible loss of data
     1>c:\users\subarna\documents\subarna\ucsd_docs\segmentation\libsvx\libsvx.v2.0\libsvx.v2.0\motion_gbh_stream\disjoint-set.h(261): warning C4244: '=' : conversion from 'float' to 'uchar', possible loss of data
     1>c:\users\subarna\documents\subarna\ucsd_docs\segmentation\libsvx\libsvx.v2.0\libsvx.v2.0\motion_gbh_stream\disjoint-set.h(306): warning C4244: 'initializing' : conversion from 'int' to 'float', possible loss of data
     1>c:\users\subarna\documents\subarna\ucsd_docs\segmentation\libsvx\libsvx.v2.0\libsvx.v2.0\motion_gbh_stream\disjoint-set.h(307): warning C4244: 'initializing' : conversion from 'int' to 'float', possible loss of data
     1>c:\users\subarna\documents\subarna\ucsd_docs\segmentation\libsvx\libsvx.v2.0\libsvx.v2.0\motion_gbh_stream\disjoint-set.h(308): warning C4244: 'initializing' : conversion from 'int' to 'float', possible loss of data
     1>c:\users\subarna\documents\subarna\ucsd_docs\segmentation\libsvx\libsvx.v2.0\libsvx.v2.0\motion_gbh_stream\disjoint-set.h(311): warning C4244: '=' : conversion from 'double' to 'float', possible loss of data
     1>c:\users\subarna\documents\subarna\ucsd_docs\segmentation\libsvx\libsvx.v2.0\libsvx.v2.0\motion_gbh_stream\disjoint-set.h(313): warning C4244: '=' : conversion from 'double' to 'float', possible loss of data
     1>c:\users\subarna\documents\subarna\ucsd_docs\segmentation\libsvx\libsvx.v2.0\libsvx.v2.0\motion_gbh_stream\disjoint-set.h(316): warning C4244: '=' : conversion from 'double' to 'float', possible loss of data
     1>c:\users\subarna\documents\subarna\ucsd_docs\segmentation\libsvx\libsvx.v2.0\libsvx.v2.0\motion_gbh_stream\disjoint-set.h(318): warning C4244: '=' : conversion from 'double' to 'float', possible loss of data
     1>c:\users\subarna\documents\subarna\ucsd_docs\segmentation\libsvx\libsvx.v2.0\libsvx.v2.0\motion_gbh_stream\disjoint-set.h(321): warning C4244: '=' : conversion from 'double' to 'float', possible loss of data
     1>c:\users\subarna\documents\subarna\ucsd_docs\segmentation\libsvx\libsvx.v2.0\libsvx.v2.0\motion_gbh_stream\disjoint-set.h(323): warning C4244: '=' : conversion from 'double' to 'float', possible loss of data
     1>c:\users\subarna\documents\subarna\ucsd_docs\segmentation\libsvx\libsvx.v2.0\libsvx.v2.0\motion_gbh_stream\disjoint-set.h(346): warning C4244: '=' : conversion from 'double' to 'float', possible loss of data
     1>c:\users\subarna\documents\subarna\ucsd_docs\segmentation\libsvx\libsvx.v2.0\libsvx.v2.0\motion_gbh_stream\disjoint-set.h(348): warning C4244: '=' : conversion from 'double' to 'float', possible loss of data
     1>c:\users\subarna\documents\subarna\ucsd_docs\segmentation\libsvx\libsvx.v2.0\libsvx.v2.0\motion_gbh_stream\disjoint-set.h(350): warning C4244: '=' : conversion from 'double' to 'float', possible loss of data
     1>c:\users\subarna\documents\subarna\ucsd_docs\segmentation\libsvx\libsvx.v2.0\libsvx.v2.0\motion_gbh_stream\disjoint-set.h(352): warning C4244: '=' : conversion from 'double' to 'float', possible loss of data
     1>c:\users\subarna\documents\subarna\ucsd_docs\segmentation\libsvx\libsvx.v2.0\libsvx.v2.0\motion_gbh_stream\disjoint-set.h(354): warning C4244: '=' : conversion from 'double' to 'float', possible loss of data
     1>c:\users\subarna\documents\subarna\ucsd_docs\segmentation\libsvx\libsvx.v2.0\libsvx.v2.0\motion_gbh_stream\disjoint-set.h(356): warning C4244: '=' : conversion from 'double' to 'float', possible loss of data
     1>c:\users\subarna\documents\subarna\ucsd_docs\segmentation\libsvx\libsvx.v2.0\libsvx.v2.0\motion_gbh_stream\disjoint-set.h(439): warning C4244: 'initializing' : conversion from 'double' to 'float', possible loss of data
     1>c:\users\subarna\documents\subarna\ucsd_docs\segmentation\libsvx\libsvx.v2.0\libsvx.v2.0\motion_gbh_stream\edges.h(95): warning C4244: 'initializing' : conversion from 'double' to 'float', possible loss of data
     1>c:\users\subarna\documents\subarna\ucsd_docs\segmentation\libsvx\libsvx.v2.0\libsvx.v2.0\motion_gbh_stream\edges.h(107): warning C4244: '=' : conversion from 'double' to 'float', possible loss of data
     1>c:\users\subarna\documents\subarna\ucsd_docs\segmentation\libsvx\libsvx.v2.0\libsvx.v2.0\motion_gbh_stream\edges.h(109): warning C4244: '=' : conversion from 'double' to 'float', possible loss of data
     1>c:\users\subarna\documents\subarna\ucsd_docs\segmentation\libsvx\libsvx.v2.0\libsvx.v2.0\motion_gbh_stream\edges.h(229): warning C4244: '+=' : conversion from 'double' to 'int', possible loss of data
     1>c:\users\subarna\documents\subarna\ucsd_docs\segmentation\libsvx\libsvx.v2.0\libsvx.v2.0\motion_gbh_stream\edges.h(230): warning C4244: '+=' : conversion from 'double' to 'int', possible loss of data
     1>c:\users\subarna\documents\subarna\ucsd_docs\segmentation\libsvx\libsvx.v2.0\libsvx.v2.0\motion_gbh_stream\segment-image.h(152): warning C4244: '=' : conversion from 'double' to 'float', possible loss of data
     1>c:\users\subarna\documents\subarna\ucsd_docs\segmentation\libsvx\libsvx.v2.0\libsvx.v2.0\motion_gbh_stream\segment-image.h(153): warning C4244: '=' : conversion from 'double' to 'float', possible loss of data
     1>c:\users\subarna\documents\subarna\ucsd_docs\segmentation\libsvx\libsvx.v2.0\libsvx.v2.0\motion_gbh_stream\segment-image.h(154): warning C4244: '=' : conversion from 'double' to 'float', possible loss of data
     1>c:\users\subarna\documents\subarna\ucsd_docs\segmentation\libsvx\libsvx.v2.0\libsvx.v2.0\motion_gbh_stream\segment-image.h(241): warning C4996: 'sprintf': This function or variable may be unsafe. Consider using sprintf_s instead. To disable deprecation, use _CRT_SECURE_NO_WARNINGS. See online help for details.
                 c:\program files (x86)\microsoft visual studio 10.0\vc\include\stdio.h(371) : see declaration of 'sprintf'
     1>c:\users\subarna\documents\subarna\ucsd_docs\segmentation\libsvx\libsvx.v2.0\libsvx.v2.0\motion_gbh_stream\segment-image.h(377): warning C4244: '=' : conversion from 'double' to 'int', possible loss of data
     1>c:\users\subarna\documents\subarna\ucsd_docs\segmentation\libsvx\libsvx.v2.0\libsvx.v2.0\motion_gbh_stream\segment-image.h(416): warning C4244: '=' : conversion from 'double' to 'float', possible loss of data
     1>c:\users\subarna\documents\subarna\ucsd_docs\segmentation\libsvx\libsvx.v2.0\libsvx.v2.0\motion_gbh_stream\segment-image.h(559): warning C4244: '=' : conversion from 'double' to 'int', possible loss of data
     1>c:\users\subarna\documents\subarna\ucsd_docs\segmentation\libsvx\libsvx.v2.0\libsvx.v2.0\motion_gbh_stream\segment-image.h(597): warning C4244: '=' : conversion from 'double' to 'float', possible loss of data
     1>c:\users\subarna\documents\subarna\ucsd_docs\segmentation\libsvx\libsvx.v2.0\libsvx.v2.0\motion_gbh_stream\segment-image.h(664): warning C4244: '=' : conversion from 'double' to 'float', possible loss of data
     1>c:\users\subarna\documents\subarna\ucsd_docs\segmentation\libsvx\libsvx.v2.0\libsvx.v2.0\motion_gbh_stream\segment-image.h(665): warning C4244: '=' : conversion from 'double' to 'float', possible loss of data
     1>c:\users\subarna\documents\subarna\ucsd_docs\segmentation\libsvx\libsvx.v2.0\libsvx.v2.0\motion_gbh_stream\segment-image.h(666): warning C4244: '=' : conversion from 'double' to 'float', possible loss of data
     1>c:\users\subarna\documents\subarna\ucsd_docs\segmentation\libsvx\libsvx.v2.0\libsvx.v2.0\motion_gbh_stream\segment-image.h(677): warning C4244: '=' : conversion from 'double' to 'float', possible loss of data
     1>c:\users\subarna\documents\subarna\ucsd_docs\segmentation\libsvx\libsvx.v2.0\libsvx.v2.0\motion_gbh_stream\segment-image.h(678): warning C4244: '=' : conversion from 'double' to 'float', possible loss of data
     1>c:\users\subarna\documents\subarna\ucsd_docs\segmentation\libsvx\libsvx.v2.0\libsvx.v2.0\motion_gbh_stream\segment-image.h(639): warning C4101: 'i' : unreferenced local variable
     1>c:\users\subarna\documents\subarna\ucsd_docs\segmentation\libsvx\libsvx.v2.0\libsvx.v2.0\motion_gbh_stream\segment-image.h(712): warning C4244: '=' : conversion from 'double' to 'float', possible loss of data
     1>c:\users\subarna\documents\subarna\ucsd_docs\segmentation\libsvx\libsvx.v2.0\libsvx.v2.0\motion_gbh_stream\segment-image.h(713): warning C4244: '=' : conversion from 'double' to 'float', possible loss of data
     1>c:\users\subarna\documents\subarna\ucsd_docs\segmentation\libsvx\libsvx.v2.0\libsvx.v2.0\motion_gbh_stream\segment-image.h(714): warning C4244: '=' : conversion from 'double' to 'float', possible loss of data
     1>c:\users\subarna\documents\subarna\ucsd_docs\segmentation\libsvx\libsvx.v2.0\libsvx.v2.0\motion_gbh_stream\segment-image.h(729): warning C4244: '=' : conversion from 'double' to 'float', possible loss of data
     1>c:\users\subarna\documents\subarna\ucsd_docs\segmentation\libsvx\libsvx.v2.0\libsvx.v2.0\motion_gbh_stream\segment-image.h(730): warning C4244: '=' : conversion from 'double' to 'float', possible loss of data
     1>c:\users\subarna\documents\subarna\ucsd_docs\segmentation\libsvx\libsvx.v2.0\libsvx.v2.0\motion_gbh_stream\segment-image.h(870): warning C4244: '=' : conversion from 'double' to 'float', possible loss of data
     1>c:\users\subarna\documents\subarna\ucsd_docs\segmentation\libsvx\libsvx.v2.0\libsvx.v2.0\motion_gbh_stream\segment-image.h(871): warning C4244: '=' : conversion from 'double' to 'float', possible loss of data
     1>c:\users\subarna\documents\subarna\ucsd_docs\segmentation\libsvx\libsvx.v2.0\libsvx.v2.0\motion_gbh_stream\segment-image.h(872): warning C4244: '=' : conversion from 'double' to 'float', possible loss of data
     1>c:\users\subarna\documents\subarna\ucsd_docs\segmentation\libsvx\libsvx.v2.0\libsvx.v2.0\motion_gbh_stream\optical_flow\noisemodel.h(6): warning C4005: 'PI' : macro redefinition
                 c:\users\subarna\documents\subarna\ucsd_docs\segmentation\libsvx\libsvx.v2.0\libsvx.v2.0\motion_gbh_stream\optical_flow\stochastic.h(19) : see previous definition of 'PI'
     1>c:\users\subarna\documents\subarna\ucsd_docs\segmentation\libsvx\libsvx.v2.0\libsvx.v2.0\motion_gbh_stream\optical_flow\gaussianpyramid.h(68): warning C4244: '=' : conversion from 'double' to 'int', possible loss of data
     1>c:\users\subarna\documents\subarna\ucsd_docs\segmentation\libsvx\libsvx.v2.0\libsvx.v2.0\motion_gbh_stream\optical_flow\gaussianpyramid.h(74): warning C4244: 'initializing' : conversion from 'double' to 'int', possible loss of data
     1>c:\users\subarna\documents\subarna\ucsd_docs\segmentation\libsvx\libsvx.v2.0\libsvx.v2.0\motion_gbh_stream\optical_flow\gaussianpyramid.h(82): warning C4244: 'argument' : conversion from 'double' to 'int', possible loss of data
     1>c:\users\subarna\documents\subarna\ucsd_docs\segmentation\libsvx\libsvx.v2.0\libsvx.v2.0\motion_gbh_stream\optical_flow\gaussianpyramid.h(87): warning C4244: 'argument' : conversion from 'double' to 'int', possible loss of data
     1>c:\users\subarna\documents\subarna\ucsd_docs\segmentation\libsvx\libsvx.v2.0\libsvx.v2.0\motion_gbh_stream\optical_flow\gaussianpyramid.h(105): warning C4244: 'initializing' : conversion from 'double' to 'int', possible loss of data
     1>c:\users\subarna\documents\subarna\ucsd_docs\segmentation\libsvx\libsvx.v2.0\libsvx.v2.0\motion_gbh_stream\optical_flow\gaussianpyramid.h(113): warning C4244: 'argument' : conversion from 'double' to 'int', possible loss of data
     1>c:\users\subarna\documents\subarna\ucsd_docs\segmentation\libsvx\libsvx.v2.0\libsvx.v2.0\motion_gbh_stream\optical_flow\gaussianpyramid.h(118): warning C4244: 'argument' : conversion from 'double' to 'int', possible loss of data
     1>c:\users\subarna\documents\subarna\ucsd_docs\segmentation\libsvx\libsvx.v2.0\libsvx.v2.0\motion_gbh_stream\optical_flow\opticalflow.h(1307): warning C4244: '=' : conversion from 'const double' to 'unsigned short', possible loss of data
     1>c:\users\subarna\documents\subarna\ucsd_docs\segmentation\libsvx\libsvx.v2.0\libsvx.v2.0\motion_gbh_stream\optical_flow\opticalflow.h(1308): warning C4244: '=' : conversion from 'const double' to 'unsigned short', possible loss of data
     1>c:\users\subarna\documents\subarna\ucsd_docs\segmentation\libsvx\libsvx.v2.0\libsvx.v2.0\motion_gbh_stream\optical_flow\opticalflow.h(1319): warning C4244: '=' : conversion from 'const double' to 'unsigned short', possible loss of data
     1>c:\users\subarna\documents\subarna\ucsd_docs\segmentation\libsvx\libsvx.v2.0\libsvx.v2.0\motion_gbh_stream\optical_flow\opticalflow.h(1320): warning C4244: '=' : conversion from 'const double' to 'unsigned short', possible loss of data
     1>c:\users\subarna\documents\subarna\ucsd_docs\segmentation\libsvx\libsvx.v2.0\libsvx.v2.0\motion_gbh_stream\optical_flow\opticalflow.h(1337): warning C4244: '=' : conversion from 'const double' to 'unsigned char', possible loss of data
     1>c:\users\subarna\documents\subarna\ucsd_docs\segmentation\libsvx\libsvx.v2.0\libsvx.v2.0\motion_gbh_stream\gbh_stream.cpp(142): warning C4996: 'sprintf': This function or variable may be unsafe. Consider using sprintf_s instead. To disable deprecation, use _CRT_SECURE_NO_WARNINGS. See online help for details.
                 c:\program files (x86)\microsoft visual studio 10.0\vc\include\stdio.h(371) : see declaration of 'sprintf'
     1>c:\users\subarna\documents\subarna\ucsd_docs\segmentation\libsvx\libsvx.v2.0\libsvx.v2.0\motion_gbh_stream\gbh_stream.cpp(145): warning C4996: 'mkdir': The POSIX name for this item is deprecated. Instead, use the ISO C++ conformant name: _mkdir. See online help for details.
                 c:\program files (x86)\microsoft visual studio 10.0\vc\include\direct.h(124) : see declaration of 'mkdir'
     1>c:\users\subarna\documents\subarna\ucsd_docs\segmentation\libsvx\libsvx.v2.0\libsvx.v2.0\motion_gbh_stream\gbh_stream.cpp(150): warning C4996: 'sprintf': This function or variable may be unsafe. Consider using sprintf_s instead. To disable deprecation, use _CRT_SECURE_NO_WARNINGS. See online help for details.
                 c:\program files (x86)\microsoft visual studio 10.0\vc\include\stdio.h(371) : see declaration of 'sprintf'
     1>c:\users\subarna\documents\subarna\ucsd_docs\segmentation\libsvx\libsvx.v2.0\libsvx.v2.0\motion_gbh_stream\gbh_stream.cpp(192): warning C4996: 'sprintf': This function or variable may be unsafe. Consider using sprintf_s instead. To disable deprecation, use _CRT_SECURE_NO_WARNINGS. See online help for details.
                 c:\program files (x86)\microsoft visual studio 10.0\vc\include\stdio.h(371) : see declaration of 'sprintf'
     1>c:\users\subarna\documents\subarna\ucsd_docs\segmentation\libsvx\libsvx.v2.0\libsvx.v2.0\motion_gbh_stream\gbh_stream.cpp(299): warning C4996: 'sprintf': This function or variable may be unsafe. Consider using sprintf_s instead. To disable deprecation, use _CRT_SECURE_NO_WARNINGS. See online help for details.
                 c:\program files (x86)\microsoft visual studio 10.0\vc\include\stdio.h(371) : see declaration of 'sprintf'
     1>c:\users\subarna\documents\subarna\ucsd_docs\segmentation\libsvx\libsvx.v2.0\libsvx.v2.0\motion_gbh_stream\gbh_stream.cpp(306): warning C4996: 'sprintf': This function or variable may be unsafe. Consider using sprintf_s instead. To disable deprecation, use _CRT_SECURE_NO_WARNINGS. See online help for details.
                 c:\program files (x86)\microsoft visual studio 10.0\vc\include\stdio.h(371) : see declaration of 'sprintf'
     1>c:\users\subarna\documents\subarna\ucsd_docs\segmentation\libsvx\libsvx.v2.0\libsvx.v2.0\motion_gbh_stream\gbh_stream.cpp(363): warning C4996: 'sprintf': This function or variable may be unsafe. Consider using sprintf_s instead. To disable deprecation, use _CRT_SECURE_NO_WARNINGS. See online help for details.
                 c:\program files (x86)\microsoft visual studio 10.0\vc\include\stdio.h(371) : see declaration of 'sprintf'
     1>c:\users\subarna\documents\subarna\ucsd_docs\segmentation\libsvx\libsvx.v2.0\libsvx.v2.0\motion_gbh_stream\gbh_stream.cpp(447): warning C4258: 'i' : definition from the for loop is ignored; the definition from the enclosing scope is used
                 c:\users\subarna\documents\subarna\ucsd_docs\segmentation\libsvx\libsvx.v2.0\libsvx.v2.0\motion_gbh_stream\gbh_stream.cpp(388) : definition of 'i' ignored
                 c:\users\subarna\documents\subarna\ucsd_docs\segmentation\libsvx\libsvx.v2.0\libsvx.v2.0\motion_gbh_stream\gbh_stream.cpp(360) : definition of 'i' used
     1>c:\users\subarna\documents\subarna\ucsd_docs\segmentation\libsvx\libsvx.v2.0\libsvx.v2.0\motion_gbh_stream\gbh_stream.cpp(447): warning C4996: 'sprintf': This function or variable may be unsafe. Consider using sprintf_s instead. To disable deprecation, use _CRT_SECURE_NO_WARNINGS. See online help for details.
                 c:\program files (x86)\microsoft visual studio 10.0\vc\include\stdio.h(371) : see declaration of 'sprintf'
     1>c:\users\subarna\documents\subarna\ucsd_docs\segmentation\libsvx\libsvx.v2.0\libsvx.v2.0\motion_gbh_stream\gbh_stream.cpp(455): warning C4258: 'i' : definition from the for loop is ignored; the definition from the enclosing scope is used
                 c:\users\subarna\documents\subarna\ucsd_docs\segmentation\libsvx\libsvx.v2.0\libsvx.v2.0\motion_gbh_stream\gbh_stream.cpp(388) : definition of 'i' ignored
                 c:\users\subarna\documents\subarna\ucsd_docs\segmentation\libsvx\libsvx.v2.0\libsvx.v2.0\motion_gbh_stream\gbh_stream.cpp(360) : definition of 'i' used
     1>c:\users\subarna\documents\subarna\ucsd_docs\segmentation\libsvx\libsvx.v2.0\libsvx.v2.0\motion_gbh_stream\gbh_stream.cpp(455): warning C4996: 'sprintf': This function or variable may be unsafe. Consider using sprintf_s instead. To disable deprecation, use _CRT_SECURE_NO_WARNINGS. See online help for details.
                 c:\program files (x86)\microsoft visual studio 10.0\vc\include\stdio.h(371) : see declaration of 'sprintf'
     1>c:\users\subarna\documents\subarna\ucsd_docs\segmentation\libsvx\libsvx.v2.0\libsvx.v2.0\motion_gbh_stream\gbh_stream.cpp(487): warning C4258: 'i' : definition from the for loop is ignored; the definition from the enclosing scope is used
                 c:\users\subarna\documents\subarna\ucsd_docs\segmentation\libsvx\libsvx.v2.0\libsvx.v2.0\motion_gbh_stream\gbh_stream.cpp(388) : definition of 'i' ignored
                 c:\users\subarna\documents\subarna\ucsd_docs\segmentation\libsvx\libsvx.v2.0\libsvx.v2.0\motion_gbh_stream\gbh_stream.cpp(360) : definition of 'i' used
     1>c:\users\subarna\documents\subarna\ucsd_docs\segmentation\libsvx\libsvx.v2.0\libsvx.v2.0\motion_gbh_stream\gbh_stream.cpp(487): warning C4258: 'i' : definition from the for loop is ignored; the definition from the enclosing scope is used
                 c:\users\subarna\documents\subarna\ucsd_docs\segmentation\libsvx\libsvx.v2.0\libsvx.v2.0\motion_gbh_stream\gbh_stream.cpp(388) : definition of 'i' ignored
                 c:\users\subarna\documents\subarna\ucsd_docs\segmentation\libsvx\libsvx.v2.0\libsvx.v2.0\motion_gbh_stream\gbh_stream.cpp(360) : definition of 'i' used
     1>c:\users\subarna\documents\subarna\ucsd_docs\segmentation\libsvx\libsvx.v2.0\libsvx.v2.0\motion_gbh_stream\gbh_stream.cpp(488): warning C4258: 'i' : definition from the for loop is ignored; the definition from the enclosing scope is used
                 c:\users\subarna\documents\subarna\ucsd_docs\segmentation\libsvx\libsvx.v2.0\libsvx.v2.0\motion_gbh_stream\gbh_stream.cpp(388) : definition of 'i' ignored
                 c:\users\subarna\documents\subarna\ucsd_docs\segmentation\libsvx\libsvx.v2.0\libsvx.v2.0\motion_gbh_stream\gbh_stream.cpp(360) : definition of 'i' used
     1>c:\users\subarna\documents\subarna\ucsd_docs\segmentation\libsvx\libsvx.v2.0\libsvx.v2.0\motion_gbh_stream\gbh_stream.cpp(489): warning C4258: 'i' : definition from the for loop is ignored; the definition from the enclosing scope is used
                 c:\users\subarna\documents\subarna\ucsd_docs\segmentation\libsvx\libsvx.v2.0\libsvx.v2.0\motion_gbh_stream\gbh_stream.cpp(388) : definition of 'i' ignored
                 c:\users\subarna\documents\subarna\ucsd_docs\segmentation\libsvx\libsvx.v2.0\libsvx.v2.0\motion_gbh_stream\gbh_stream.cpp(360) : definition of 'i' used
     1>c:\users\subarna\documents\subarna\ucsd_docs\segmentation\libsvx\libsvx.v2.0\libsvx.v2.0\motion_gbh_stream\gbh_stream.cpp(492): warning C4258: 'i' : definition from the for loop is ignored; the definition from the enclosing scope is used
                 c:\users\subarna\documents\subarna\ucsd_docs\segmentation\libsvx\libsvx.v2.0\libsvx.v2.0\motion_gbh_stream\gbh_stream.cpp(388) : definition of 'i' ignored
                 c:\users\subarna\documents\subarna\ucsd_docs\segmentation\libsvx\libsvx.v2.0\libsvx.v2.0\motion_gbh_stream\gbh_stream.cpp(360) : definition of 'i' used
     1>c:\users\subarna\documents\subarna\ucsd_docs\segmentation\libsvx\libsvx.v2.0\libsvx.v2.0\motion_gbh_stream\gbh_stream.cpp(514): warning C4996: 'sprintf': This function or variable may be unsafe. Consider using sprintf_s instead. To disable deprecation, use _CRT_SECURE_NO_WARNINGS. See online help for details.
                 c:\program files (x86)\microsoft visual studio 10.0\vc\include\stdio.h(371) : see declaration of 'sprintf'
     1>c:\users\subarna\documents\subarna\ucsd_docs\segmentation\libsvx\libsvx.v2.0\libsvx.v2.0\motion_gbh_stream\gbh_stream.cpp(598): warning C4996: 'sprintf': This function or variable may be unsafe. Consider using sprintf_s instead. To disable deprecation, use _CRT_SECURE_NO_WARNINGS. See online help for details.
                 c:\program files (x86)\microsoft visual studio 10.0\vc\include\stdio.h(371) : see declaration of 'sprintf'
     1>c:\users\subarna\documents\subarna\ucsd_docs\segmentation\libsvx\libsvx.v2.0\libsvx.v2.0\motion_gbh_stream\gbh_stream.cpp(667): warning C4244: '=' : conversion from 'double' to 'int', possible loss of data
     1>c:\users\subarna\documents\subarna\ucsd_docs\segmentation\libsvx\libsvx.v2.0\libsvx.v2.0\motion_gbh_stream\gbh_stream.cpp(670): warning C4996: 'sprintf': This function or variable may be unsafe. Consider using sprintf_s instead. To disable deprecation, use _CRT_SECURE_NO_WARNINGS. See online help for details.
                 c:\program files (x86)\microsoft visual studio 10.0\vc\include\stdio.h(371) : see declaration of 'sprintf'
     1>c:\users\subarna\documents\subarna\ucsd_docs\segmentation\libsvx\libsvx.v2.0\libsvx.v2.0\motion_gbh_stream\histogram.h(54): warning C4244: '=' : conversion from 'double' to 'float', possible loss of data
                 c:\users\subarna\documents\subarna\ucsd_docs\segmentation\libsvx\libsvx.v2.0\libsvx.v2.0\motion_gbh_stream\histogram.h(48) : while compiling class template member function 'Histogram<TYPE>::Histogram(int,double,double)'
                 with
                 [
                     TYPE=float
                 ]
                 c:\users\subarna\documents\subarna\ucsd_docs\segmentation\libsvx\libsvx.v2.0\libsvx.v2.0\motion_gbh_stream\disjoint-set.h(222) : see reference to class template instantiation 'Histogram<TYPE>' being compiled
                 with
                 [
                     TYPE=float
                 ]
     1>c:\users\subarna\documents\subarna\ucsd_docs\segmentation\libsvx\libsvx.v2.0\libsvx.v2.0\motion_gbh_stream\histogram.h(55): warning C4244: '=' : conversion from 'double' to 'float', possible loss of data
     1>c:\users\subarna\documents\subarna\ucsd_docs\segmentation\libsvx\libsvx.v2.0\libsvx.v2.0\motion_gbh_stream\histogram.h(57): warning C4244: '=' : conversion from 'double' to 'float', possible loss of data
     1>c:\users\subarna\documents\subarna\ucsd_docs\segmentation\libsvx\libsvx.v2.0\libsvx.v2.0\motion_gbh_stream\histogram.h(58): warning C4244: '=' : conversion from 'double' to 'float', possible loss of data
     1>c:\users\subarna\documents\subarna\ucsd_docs\segmentation\libsvx\libsvx.v2.0\libsvx.v2.0\motion_gbh_stream\histogram.h(385): warning C4244: '=' : conversion from 'double' to 'float', possible loss of data
                 c:\users\subarna\documents\subarna\ucsd_docs\segmentation\libsvx\libsvx.v2.0\libsvx.v2.0\motion_gbh_stream\histogram.h(383) : while compiling class template member function 'void Histogram<TYPE>::mergeHistogram(Histogram<TYPE> &)'
                 with
                 [
                     TYPE=float
                 ]
     1>c:\users\subarna\documents\subarna\ucsd_docs\segmentation\libsvx\libsvx.v2.0\libsvx.v2.0\motion_gbh_stream\histogram.h(100): warning C4244: '=' : conversion from 'double' to 'float', possible loss of data
                 c:\users\subarna\documents\subarna\ucsd_docs\segmentation\libsvx\libsvx.v2.0\libsvx.v2.0\motion_gbh_stream\histogram.h(83) : while compiling class template member function 'void Histogram<TYPE>::addWeightedSample(TYPE,double)'
                 with
                 [
                     TYPE=float
                 ]
     1>c:\users\subarna\documents\subarna\ucsd_docs\segmentation\libsvx\libsvx.v2.0\libsvx.v2.0\motion_gbh_stream\histogram.h(102): warning C4244: '=' : conversion from 'double' to 'float', possible loss of data
     1>c:\users\subarna\documents\subarna\ucsd_docs\segmentation\libsvx\libsvx.v2.0\libsvx.v2.0\motion_gbh_stream\optical_flow\image.h(713): warning C4244: '=' : conversion from 'double' to 'int', possible loss of data
                 c:\users\subarna\documents\subarna\ucsd_docs\segmentation\libsvx\libsvx.v2.0\libsvx.v2.0\motion_gbh_stream\optical_flow\image.h(707) : while compiling class template member function 'bool Image<T>::imresize(double)'
                 with
                 [
                     T=double
                 ]
                 c:\users\subarna\documents\subarna\ucsd_docs\segmentation\libsvx\libsvx.v2.0\libsvx.v2.0\motion_gbh_stream\disjoint-set.h(290) : see reference to class template instantiation 'Image<T>' being compiled
                 with
                 [
                     T=double
                 ]
     1>c:\users\subarna\documents\subarna\ucsd_docs\segmentation\libsvx\libsvx.v2.0\libsvx.v2.0\motion_gbh_stream\optical_flow\image.h(714): warning C4244: '=' : conversion from 'double' to 'int', possible loss of data
     1>c:\users\subarna\documents\subarna\ucsd_docs\segmentation\libsvx\libsvx.v2.0\libsvx.v2.0\motion_gbh_stream\optical_flow\image.h(804): warning C4996: 'sprintf': This function or variable may be unsafe. Consider using sprintf_s instead. To disable deprecation, use _CRT_SECURE_NO_WARNINGS. See online help for details.
                 c:\program files (x86)\microsoft visual studio 10.0\vc\include\stdio.h(371) : see declaration of 'sprintf'
                 c:\users\subarna\documents\subarna\ucsd_docs\segmentation\libsvx\libsvx.v2.0\libsvx.v2.0\motion_gbh_stream\optical_flow\image.h(802) : while compiling class template member function 'bool Image<T>::saveImage(std::ofstream &) const'
                 with
                 [
                     T=double
                 ]
     1>c:\users\subarna\documents\subarna\ucsd_docs\segmentation\libsvx\libsvx.v2.0\libsvx.v2.0\motion_gbh_stream\optical_flow\image.h(844): warning C4996: 'strcmpi': The POSIX name for this item is deprecated. Instead, use the ISO C++ conformant name: _strcmpi. See online help for details.
                 c:\program files (x86)\microsoft visual studio 10.0\vc\include\string.h(245) : see declaration of 'strcmpi'
                 c:\users\subarna\documents\subarna\ucsd_docs\segmentation\libsvx\libsvx.v2.0\libsvx.v2.0\motion_gbh_stream\optical_flow\image.h(830) : while compiling class template member function 'bool Image<T>::loadImage(std::ifstream &)'
                 with
                 [
                     T=double
                 ]
     1>c:\users\subarna\documents\subarna\ucsd_docs\segmentation\libsvx\libsvx.v2.0\libsvx.v2.0\motion_gbh_stream\optical_flow\image.h(845): warning C4996: 'sprintf': This function or variable may be unsafe. Consider using sprintf_s instead. To disable deprecation, use _CRT_SECURE_NO_WARNINGS. See online help for details.
                 c:\program files (x86)\microsoft visual studio 10.0\vc\include\stdio.h(371) : see declaration of 'sprintf'
     1>c:\users\subarna\documents\subarna\ucsd_docs\segmentation\libsvx\libsvx.v2.0\libsvx.v2.0\motion_gbh_stream\optical_flow\image.h(846): warning C4996: 'strcmpi': The POSIX name for this item is deprecated. Instead, use the ISO C++ conformant name: _strcmpi. See online help for details.
                 c:\program files (x86)\microsoft visual studio 10.0\vc\include\string.h(245) : see declaration of 'strcmpi'
     1>c:\users\subarna\documents\subarna\ucsd_docs\segmentation\libsvx\libsvx.v2.0\libsvx.v2.0\motion_gbh_stream\optical_flow\image.h(847): warning C4996: 'sprintf': This function or variable may be unsafe. Consider using sprintf_s instead. To disable deprecation, use _CRT_SECURE_NO_WARNINGS. See online help for details.
                 c:\program files (x86)\microsoft visual studio 10.0\vc\include\stdio.h(371) : see declaration of 'sprintf'
     1>c:\users\subarna\documents\subarna\ucsd_docs\segmentation\libsvx\libsvx.v2.0\libsvx.v2.0\motion_gbh_stream\optical_flow\image.h(848): warning C4996: 'strcmpi': The POSIX name for this item is deprecated. Instead, use the ISO C++ conformant name: _strcmpi. See online help for details.
                 c:\program files (x86)\microsoft visual studio 10.0\vc\include\string.h(245) : see declaration of 'strcmpi'
     1>c:\users\subarna\documents\subarna\ucsd_docs\segmentation\libsvx\libsvx.v2.0\libsvx.v2.0\motion_gbh_stream\optical_flow\image.h(732): warning C4244: '=' : conversion from 'double' to 'int', possible loss of data
                 c:\users\subarna\documents\subarna\ucsd_docs\segmentation\libsvx\libsvx.v2.0\libsvx.v2.0\motion_gbh_stream\optical_flow\gaussianpyramid.h(83) : see reference to function template instantiation 'void Image<T>::imresize<double>(Image<T> &,double) const' being compiled
                 with
                 [
                     T=double
                 ]
     1>c:\users\subarna\documents\subarna\ucsd_docs\segmentation\libsvx\libsvx.v2.0\libsvx.v2.0\motion_gbh_stream\optical_flow\image.h(733): warning C4244: '=' : conversion from 'double' to 'int', possible loss of data
     1>c:\users\subarna\documents\subarna\ucsd_docs\segmentation\libsvx\libsvx.v2.0\libsvx.v2.0\motion_gbh_stream\optical_flow\image.h(713): warning C4244: '=' : conversion from 'double' to 'int', possible loss of data
                 c:\users\subarna\documents\subarna\ucsd_docs\segmentation\libsvx\libsvx.v2.0\libsvx.v2.0\motion_gbh_stream\optical_flow\image.h(707) : while compiling class template member function 'bool Image<T>::imresize(double)'
                 with
                 [
                     T=unsigned short
                 ]
                 c:\users\subarna\documents\subarna\ucsd_docs\segmentation\libsvx\libsvx.v2.0\libsvx.v2.0\motion_gbh_stream\optical_flow\opticalflow.h(1273) : see reference to class template instantiation 'Image<T>' being compiled
                 with
                 [
                     T=unsigned short
                 ]
     1>c:\users\subarna\documents\subarna\ucsd_docs\segmentation\libsvx\libsvx.v2.0\libsvx.v2.0\motion_gbh_stream\optical_flow\image.h(714): warning C4244: '=' : conversion from 'double' to 'int', possible loss of data
     1>c:\users\subarna\documents\subarna\ucsd_docs\segmentation\libsvx\libsvx.v2.0\libsvx.v2.0\motion_gbh_stream\optical_flow\image.h(804): warning C4996: 'sprintf': This function or variable may be unsafe. Consider using sprintf_s instead. To disable deprecation, use _CRT_SECURE_NO_WARNINGS. See online help for details.
                 c:\program files (x86)\microsoft visual studio 10.0\vc\include\stdio.h(371) : see declaration of 'sprintf'
                 c:\users\subarna\documents\subarna\ucsd_docs\segmentation\libsvx\libsvx.v2.0\libsvx.v2.0\motion_gbh_stream\optical_flow\image.h(802) : while compiling class template member function 'bool Image<T>::saveImage(std::ofstream &) const'
                 with
                 [
                     T=unsigned short
                 ]
     1>c:\users\subarna\documents\subarna\ucsd_docs\segmentation\libsvx\libsvx.v2.0\libsvx.v2.0\motion_gbh_stream\optical_flow\image.h(844): warning C4996: 'strcmpi': The POSIX name for this item is deprecated. Instead, use the ISO C++ conformant name: _strcmpi. See online help for details.
                 c:\program files (x86)\microsoft visual studio 10.0\vc\include\string.h(245) : see declaration of 'strcmpi'
                 c:\users\subarna\documents\subarna\ucsd_docs\segmentation\libsvx\libsvx.v2.0\libsvx.v2.0\motion_gbh_stream\optical_flow\image.h(830) : while compiling class template member function 'bool Image<T>::loadImage(std::ifstream &)'
                 with
                 [
                     T=unsigned short
                 ]
     1>c:\users\subarna\documents\subarna\ucsd_docs\segmentation\libsvx\libsvx.v2.0\libsvx.v2.0\motion_gbh_stream\optical_flow\image.h(845): warning C4996: 'sprintf': This function or variable may be unsafe. Consider using sprintf_s instead. To disable deprecation, use _CRT_SECURE_NO_WARNINGS. See online help for details.
                 c:\program files (x86)\microsoft visual studio 10.0\vc\include\stdio.h(371) : see declaration of 'sprintf'
     1>c:\users\subarna\documents\subarna\ucsd_docs\segmentation\libsvx\libsvx.v2.0\libsvx.v2.0\motion_gbh_stream\optical_flow\image.h(846): warning C4996: 'strcmpi': The POSIX name for this item is deprecated. Instead, use the ISO C++ conformant name: _strcmpi. See online help for details.
                 c:\program files (x86)\microsoft visual studio 10.0\vc\include\string.h(245) : see declaration of 'strcmpi'
     1>c:\users\subarna\documents\subarna\ucsd_docs\segmentation\libsvx\libsvx.v2.0\libsvx.v2.0\motion_gbh_stream\optical_flow\image.h(847): warning C4996: 'sprintf': This function or variable may be unsafe. Consider using sprintf_s instead. To disable deprecation, use _CRT_SECURE_NO_WARNINGS. See online help for details.
                 c:\program files (x86)\microsoft visual studio 10.0\vc\include\stdio.h(371) : see declaration of 'sprintf'
     1>c:\users\subarna\documents\subarna\ucsd_docs\segmentation\libsvx\libsvx.v2.0\libsvx.v2.0\motion_gbh_stream\optical_flow\image.h(848): warning C4996: 'strcmpi': The POSIX name for this item is deprecated. Instead, use the ISO C++ conformant name: _strcmpi. See online help for details.
                 c:\program files (x86)\microsoft visual studio 10.0\vc\include\string.h(245) : see declaration of 'strcmpi'
     1>c:\users\subarna\documents\subarna\ucsd_docs\segmentation\libsvx\libsvx.v2.0\libsvx.v2.0\motion_gbh_stream\optical_flow\image.h(713): warning C4244: '=' : conversion from 'double' to 'int', possible loss of data
                 c:\users\subarna\documents\subarna\ucsd_docs\segmentation\libsvx\libsvx.v2.0\libsvx.v2.0\motion_gbh_stream\optical_flow\image.h(707) : while compiling class template member function 'bool Image<T>::imresize(double)'
                 with
                 [
                     T=unsigned char
                 ]
                 c:\users\subarna\documents\subarna\ucsd_docs\segmentation\libsvx\libsvx.v2.0\libsvx.v2.0\motion_gbh_stream\optical_flow\opticalflow.h(1332) : see reference to class template instantiation 'Image<T>' being compiled
                 with
                 [
                     T=unsigned char
                 ]
     1>c:\users\subarna\documents\subarna\ucsd_docs\segmentation\libsvx\libsvx.v2.0\libsvx.v2.0\motion_gbh_stream\optical_flow\image.h(714): warning C4244: '=' : conversion from 'double' to 'int', possible loss of data
     1>c:\users\subarna\documents\subarna\ucsd_docs\segmentation\libsvx\libsvx.v2.0\libsvx.v2.0\motion_gbh_stream\optical_flow\image.h(804): warning C4996: 'sprintf': This function or variable may be unsafe. Consider using sprintf_s instead. To disable deprecation, use _CRT_SECURE_NO_WARNINGS. See online help for details.
                 c:\program files (x86)\microsoft visual studio 10.0\vc\include\stdio.h(371) : see declaration of 'sprintf'
                 c:\users\subarna\documents\subarna\ucsd_docs\segmentation\libsvx\libsvx.v2.0\libsvx.v2.0\motion_gbh_stream\optical_flow\image.h(802) : while compiling class template member function 'bool Image<T>::saveImage(std::ofstream &) const'
                 with
                 [
                     T=unsigned char
                 ]
     1>c:\users\subarna\documents\subarna\ucsd_docs\segmentation\libsvx\libsvx.v2.0\libsvx.v2.0\motion_gbh_stream\optical_flow\image.h(844): warning C4996: 'strcmpi': The POSIX name for this item is deprecated. Instead, use the ISO C++ conformant name: _strcmpi. See online help for details.
                 c:\program files (x86)\microsoft visual studio 10.0\vc\include\string.h(245) : see declaration of 'strcmpi'
                 c:\users\subarna\documents\subarna\ucsd_docs\segmentation\libsvx\libsvx.v2.0\libsvx.v2.0\motion_gbh_stream\optical_flow\image.h(830) : while compiling class template member function 'bool Image<T>::loadImage(std::ifstream &)'
                 with
                 [
                     T=unsigned char
                 ]
     1>c:\users\subarna\documents\subarna\ucsd_docs\segmentation\libsvx\libsvx.v2.0\libsvx.v2.0\motion_gbh_stream\optical_flow\image.h(845): warning C4996: 'sprintf': This function or variable may be unsafe. Consider using sprintf_s instead. To disable deprecation, use _CRT_SECURE_NO_WARNINGS. See online help for details.
                 c:\program files (x86)\microsoft visual studio 10.0\vc\include\stdio.h(371) : see declaration of 'sprintf'
     1>c:\users\subarna\documents\subarna\ucsd_docs\segmentation\libsvx\libsvx.v2.0\libsvx.v2.0\motion_gbh_stream\optical_flow\image.h(846): warning C4996: 'strcmpi': The POSIX name for this item is deprecated. Instead, use the ISO C++ conformant name: _strcmpi. See online help for details.
                 c:\program files (x86)\microsoft visual studio 10.0\vc\include\string.h(245) : see declaration of 'strcmpi'
     1>c:\users\subarna\documents\subarna\ucsd_docs\segmentation\libsvx\libsvx.v2.0\libsvx.v2.0\motion_gbh_stream\optical_flow\image.h(847): warning C4996: 'sprintf': This function or variable may be unsafe. Consider using sprintf_s instead. To disable deprecation, use _CRT_SECURE_NO_WARNINGS. See online help for details.
                 c:\program files (x86)\microsoft visual studio 10.0\vc\include\stdio.h(371) : see declaration of 'sprintf'
     1>c:\users\subarna\documents\subarna\ucsd_docs\segmentation\libsvx\libsvx.v2.0\libsvx.v2.0\motion_gbh_stream\optical_flow\image.h(848): warning C4996: 'strcmpi': The POSIX name for this item is deprecated. Instead, use the ISO C++ conformant name: _strcmpi. See online help for details.
                 c:\program files (x86)\microsoft visual studio 10.0\vc\include\string.h(245) : see declaration of 'strcmpi'
     1>c:\users\subarna\documents\subarna\ucsd_docs\segmentation\libsvx\libsvx.v2.0\libsvx.v2.0\motion_gbh_stream\optical_flow\imageprocessing.h(205): warning C4244: '=' : conversion from 'double' to 'int', possible loss of data
                 c:\users\subarna\documents\subarna\ucsd_docs\segmentation\libsvx\libsvx.v2.0\libsvx.v2.0\motion_gbh_stream\optical_flow\image.h(717) : see reference to function template instantiation 'void ImageProcessing::ResizeImage<T,T>(const T1 *,T2 *,int,int,int,double)' being compiled
                 with
                 [
                     T=double,
                     T1=double,
                     T2=double
                 ]
                 c:\users\subarna\documents\subarna\ucsd_docs\segmentation\libsvx\libsvx.v2.0\libsvx.v2.0\motion_gbh_stream\optical_flow\image.h(707) : while compiling class template member function 'bool Image<T>::imresize(double)'
                 with
                 [
                     T=double
                 ]
     1>c:\users\subarna\documents\subarna\ucsd_docs\segmentation\libsvx\libsvx.v2.0\libsvx.v2.0\motion_gbh_stream\optical_flow\imageprocessing.h(206): warning C4244: '=' : conversion from 'double' to 'int', possible loss of data
     1>c:\users\subarna\documents\subarna\ucsd_docs\segmentation\libsvx\libsvx.v2.0\libsvx.v2.0\motion_gbh_stream\optical_flow\imageprocessing.h(341): warning C4101: 'offset' : unreferenced local variable
                 c:\users\subarna\documents\subarna\ucsd_docs\segmentation\libsvx\libsvx.v2.0\libsvx.v2.0\motion_gbh_stream\optical_flow\image.h(1318) : see reference to function template instantiation 'void ImageProcessing::vfiltering<T1,T>(const T1 *,T2 *,int,int,int,const double *,int)' being compiled
                 with
                 [
                     T1=double,
                     T=double,
                     T2=double
                 ]
                 c:\users\subarna\documents\subarna\ucsd_docs\segmentation\libsvx\libsvx.v2.0\libsvx.v2.0\motion_gbh_stream\optical_flow\opticalflow.h(180) : see reference to function template instantiation 'void Image<T>::imfilter_hv<double>(Image<T> &,const double *,int,const double *,int) const' being compiled
                 with
                 [
                     T=double
                 ]
     1>c:\users\subarna\documents\subarna\ucsd_docs\segmentation\libsvx\libsvx.v2.0\libsvx.v2.0\motion_gbh_stream\optical_flow\imageprocessing.h(130): warning C4244: '=' : conversion from 'double' to 'int', possible loss of data
                 c:\users\subarna\documents\subarna\ucsd_docs\segmentation\libsvx\libsvx.v2.0\libsvx.v2.0\motion_gbh_stream\optical_flow\imageprocessing.h(485) : see reference to function template instantiation 'void ImageProcessing::BilinearInterpolate<T1,T1>(const T1 *,int,int,int,double,double,T2 *)' being compiled
                 with
                 [
                     T1=double,
                     T2=double
                 ]
                 c:\users\subarna\documents\subarna\ucsd_docs\segmentation\libsvx\libsvx.v2.0\libsvx.v2.0\motion_gbh_stream\optical_flow\opticalflow.h(249) : see reference to function template instantiation 'void ImageProcessing::warpImage<T,T>(T1 *,const T1 *,const T1 *,const T2 *,const T2 *,int,int,int)' being compiled
                 with
                 [
                     T=double,
                     T1=double,
                     T2=double
                 ]
     1>c:\users\subarna\documents\subarna\ucsd_docs\segmentation\libsvx\libsvx.v2.0\libsvx.v2.0\motion_gbh_stream\optical_flow\imageprocessing.h(131): warning C4244: '=' : conversion from 'double' to 'int', possible loss of data
     1>c:\users\subarna\documents\subarna\ucsd_docs\segmentation\libsvx\libsvx.v2.0\libsvx.v2.0\motion_gbh_stream\optical_flow\image.h(2530): warning C4244: 'initializing' : conversion from 'double' to 'int', possible loss of data
                 c:\users\subarna\documents\subarna\ucsd_docs\segmentation\libsvx\libsvx.v2.0\libsvx.v2.0\motion_gbh_stream\optical_flow\image.h(2469) : see reference to function template instantiation 'void Image<T>::warpImageBicubicRef<double,double>(const Image<T> &,Image<T> &,const Image<T> &,const Image<T> &,const Image<T> &,const Image<T> &,const Image<T> &) const' being compiled
                 with
                 [
                     T=double
                 ]
                 c:\users\subarna\documents\subarna\ucsd_docs\segmentation\libsvx\libsvx.v2.0\libsvx.v2.0\motion_gbh_stream\optical_flow\opticalflow.h(565) : see reference to function template instantiation 'void Image<T>::warpImageBicubicRef<double>(const Image<T> &,Image<T> &,const Image<T> &,const Image<T> &) const' being compiled
                 with
                 [
                     T=double
                 ]
     1>c:\users\subarna\documents\subarna\ucsd_docs\segmentation\libsvx\libsvx.v2.0\libsvx.v2.0\motion_gbh_stream\optical_flow\image.h(2531): warning C4244: 'initializing' : conversion from 'double' to 'int', possible loss of data
     1>c:\users\subarna\documents\subarna\ucsd_docs\segmentation\libsvx\libsvx.v2.0\libsvx.v2.0\motion_gbh_stream\optical_flow\imageprocessing.h(205): warning C4244: '=' : conversion from 'double' to 'int', possible loss of data
                 c:\users\subarna\documents\subarna\ucsd_docs\segmentation\libsvx\libsvx.v2.0\libsvx.v2.0\motion_gbh_stream\optical_flow\image.h(717) : see reference to function template instantiation 'void ImageProcessing::ResizeImage<T,T>(const T1 *,T2 *,int,int,int,double)' being compiled
                 with
                 [
                     T=unsigned short,
                     T1=unsigned short,
                     T2=unsigned short
                 ]
                 c:\users\subarna\documents\subarna\ucsd_docs\segmentation\libsvx\libsvx.v2.0\libsvx.v2.0\motion_gbh_stream\optical_flow\image.h(707) : while compiling class template member function 'bool Image<T>::imresize(double)'
                 with
                 [
                     T=unsigned short
                 ]
     1>c:\users\subarna\documents\subarna\ucsd_docs\segmentation\libsvx\libsvx.v2.0\libsvx.v2.0\motion_gbh_stream\optical_flow\imageprocessing.h(206): warning C4244: '=' : conversion from 'double' to 'int', possible loss of data
     1>c:\users\subarna\documents\subarna\ucsd_docs\segmentation\libsvx\libsvx.v2.0\libsvx.v2.0\motion_gbh_stream\optical_flow\imageprocessing.h(205): warning C4244: '=' : conversion from 'double' to 'int', possible loss of data
                 c:\users\subarna\documents\subarna\ucsd_docs\segmentation\libsvx\libsvx.v2.0\libsvx.v2.0\motion_gbh_stream\optical_flow\image.h(717) : see reference to function template instantiation 'void ImageProcessing::ResizeImage<T,T>(const T1 *,T2 *,int,int,int,double)' being compiled
                 with
                 [
                     T=unsigned char,
                     T1=unsigned char,
                     T2=unsigned char
                 ]
                 c:\users\subarna\documents\subarna\ucsd_docs\segmentation\libsvx\libsvx.v2.0\libsvx.v2.0\motion_gbh_stream\optical_flow\image.h(707) : while compiling class template member function 'bool Image<T>::imresize(double)'
                 with
                 [
                     T=unsigned char
                 ]
     1>c:\users\subarna\documents\subarna\ucsd_docs\segmentation\libsvx\libsvx.v2.0\libsvx.v2.0\motion_gbh_stream\optical_flow\imageprocessing.h(206): warning C4244: '=' : conversion from 'double' to 'int', possible loss of data
     1>c:\users\subarna\documents\subarna\ucsd_docs\segmentation\libsvx\libsvx.v2.0\libsvx.v2.0\motion_gbh_stream\optical_flow\imageprocessing.h(130): warning C4244: '=' : conversion from 'double' to 'int', possible loss of data
                 c:\users\subarna\documents\subarna\ucsd_docs\segmentation\libsvx\libsvx.v2.0\libsvx.v2.0\motion_gbh_stream\optical_flow\imageprocessing.h(218) : see reference to function template instantiation 'void ImageProcessing::BilinearInterpolate<T1,T2>(const T1 *,int,int,int,double,double,T2 *)' being compiled
                 with
                 [
                     T1=unsigned short,
                     T2=unsigned short
                 ]
                 c:\users\subarna\documents\subarna\ucsd_docs\segmentation\libsvx\libsvx.v2.0\libsvx.v2.0\motion_gbh_stream\optical_flow\image.h(717) : see reference to function template instantiation 'void ImageProcessing::ResizeImage<T,T>(const T1 *,T2 *,int,int,int,double)' being compiled
                 with
                 [
                     T=unsigned short,
                     T1=unsigned short,
                     T2=unsigned short
                 ]
     1>c:\users\subarna\documents\subarna\ucsd_docs\segmentation\libsvx\libsvx.v2.0\libsvx.v2.0\motion_gbh_stream\optical_flow\imageprocessing.h(131): warning C4244: '=' : conversion from 'double' to 'int', possible loss of data
     1>c:\users\subarna\documents\subarna\ucsd_docs\segmentation\libsvx\libsvx.v2.0\libsvx.v2.0\motion_gbh_stream\optical_flow\imageprocessing.h(144): warning C4244: '+=' : conversion from 'double' to 'unsigned short', possible loss of data
     1>c:\users\subarna\documents\subarna\ucsd_docs\segmentation\libsvx\libsvx.v2.0\libsvx.v2.0\motion_gbh_stream\optical_flow\imageprocessing.h(130): warning C4244: '=' : conversion from 'double' to 'int', possible loss of data
                 c:\users\subarna\documents\subarna\ucsd_docs\segmentation\libsvx\libsvx.v2.0\libsvx.v2.0\motion_gbh_stream\optical_flow\imageprocessing.h(218) : see reference to function template instantiation 'void ImageProcessing::BilinearInterpolate<T1,T2>(const T1 *,int,int,int,double,double,T2 *)' being compiled
                 with
                 [
                     T1=unsigned char,
                     T2=unsigned char
                 ]
                 c:\users\subarna\documents\subarna\ucsd_docs\segmentation\libsvx\libsvx.v2.0\libsvx.v2.0\motion_gbh_stream\optical_flow\image.h(717) : see reference to function template instantiation 'void ImageProcessing::ResizeImage<T,T>(const T1 *,T2 *,int,int,int,double)' being compiled
                 with
                 [
                     T=unsigned char,
                     T1=unsigned char,
                     T2=unsigned char
                 ]
     1>c:\users\subarna\documents\subarna\ucsd_docs\segmentation\libsvx\libsvx.v2.0\libsvx.v2.0\motion_gbh_stream\optical_flow\imageprocessing.h(131): warning C4244: '=' : conversion from 'double' to 'int', possible loss of data
     1>c:\users\subarna\documents\subarna\ucsd_docs\segmentation\libsvx\libsvx.v2.0\libsvx.v2.0\motion_gbh_stream\optical_flow\imageprocessing.h(144): warning C4244: '+=' : conversion from 'double' to 'unsigned char', possible loss of data
       ManifestResourceCompile:
         All outputs are up-to-date.
       Link:
         c:\Program Files (x86)\Microsoft Visual Studio 10.0\VC\bin\link.exe /ERRORREPORT:PROMPT /OUT:"C:\Users\subarna\Documents\subarna\UCSD_docs\segmentation\libsvx\libsvx.v2.0\libsvx.v2.0\motion_gbh_stream\gbh_stream\Debug\gbh_stream.exe" /INCREMENTAL /NOLOGO kernel32.lib user32.lib gdi32.lib winspool.lib comdlg32.lib advapi32.lib shell32.lib ole32.lib oleaut32.lib uuid.lib odbc32.lib odbccp32.lib /MANIFEST /ManifestFile:"Debug\gbh_stream.exe.intermediate.manifest" /MANIFESTUAC:"level='asInvoker' uiAccess='false'" /DEBUG /PDB:"C:\Users\subarna\Documents\subarna\UCSD_docs\segmentation\libsvx\libsvx.v2.0\libsvx.v2.0\motion_gbh_stream\gbh_stream\Debug\gbh_stream.pdb" /SUBSYSTEM:CONSOLE /TLBID:1 /DYNAMICBASE /NXCOMPAT /IMPLIB:"C:\Users\subarna\Documents\subarna\UCSD_docs\segmentation\libsvx\libsvx.v2.0\libsvx.v2.0\motion_gbh_stream\gbh_stream\Debug\gbh_stream.lib" /MACHINE:X86 Debug\gbh_stream.exe.embed.manifest.res
         Debug\gbh_stream.obj
       Manifest:
         C:\Program Files (x86)\Microsoft SDKs\Windows\v7.0A\bin\mt.exe /nologo /verbose /out:"Debug\gbh_stream.exe.embed.manifest" /manifest Debug\gbh_stream.exe.intermediate.manifest
         All outputs are up-to-date.
       LinkEmbedManifest:
         All outputs are up-to-date.
         gbh_stream.vcxproj -> C:\Users\subarna\Documents\subarna\UCSD_docs\segmentation\libsvx\libsvx.v2.0\libsvx.v2.0\motion_gbh_stream\gbh_stream\Debug\gbh_stream.exe
       FinalizeBuildStatus:
         Deleting file "Debug\gbh_stream.unsuccessfulbuild".
         Touching "Debug\gbh_stream.lastbuildstate".
     1>Done Building Project "C:\Users\subarna\Documents\subarna\UCSD_docs\segmentation\libsvx\libsvx.v2.0\libsvx.v2.0\motion_gbh_stream\gbh_stream\gbh_stream\gbh_stream.vcxproj" (build target(s)).

Build succeeded.

Time Elapsed 00:00:01.65
