C:\USERS\SUBARNA\DOCUMENTS\SUBARNA\UCSD_DOCS\CODES\STREAMGBH+\MOTION_GBH_STREAM_ORIG\GBH_STREAM_X64\DEBUG\GBH_STREAM.EXE
C:\USERS\SUBARNA\DOCUMENTS\SUBARNA\UCSD_DOCS\CODES\STREAMGBH+\MOTION_GBH_STREAM_ORIG\GBH_STREAM_X64\DEBUG\GBH_STREAM.ILK
C:\USERS\SUBARNA\DOCUMENTS\SUBARNA\UCSD_DOCS\CODES\STREAMGBH+\MOTION_GBH_STREAM_ORIG\GBH_STREAM_X64\DEBUG\GBH_STREAM.PDB
C:\Users\subarna\Documents\subarna\UCSD_docs\Codes\StreamGBH+\motion_gbh_stream_orig\gbh_stream_x64\gbh_stream\Debug\cl.command.1.tlog
C:\Users\subarna\Documents\subarna\UCSD_docs\Codes\StreamGBH+\motion_gbh_stream_orig\gbh_stream_x64\gbh_stream\Debug\CL.read.1.tlog
C:\Users\subarna\Documents\subarna\UCSD_docs\Codes\StreamGBH+\motion_gbh_stream_orig\gbh_stream_x64\gbh_stream\Debug\CL.write.1.tlog
C:\USERS\SUBARNA\DOCUMENTS\SUBARNA\UCSD_DOCS\CODES\STREAMGBH+\MOTION_GBH_STREAM_ORIG\GBH_STREAM_X64\GBH_STREAM\DEBUG\GBH_STREAM.EXE.EMBED.MANIFEST
C:\USERS\SUBARNA\DOCUMENTS\SUBARNA\UCSD_DOCS\CODES\STREAMGBH+\MOTION_GBH_STREAM_ORIG\GBH_STREAM_X64\GBH_STREAM\DEBUG\GBH_STREAM.EXE.EMBED.MANIFEST.RES
C:\USERS\SUBARNA\DOCUMENTS\SUBARNA\UCSD_DOCS\CODES\STREAMGBH+\MOTION_GBH_STREAM_ORIG\GBH_STREAM_X64\GBH_STREAM\DEBUG\GBH_STREAM.EXE.INTERMEDIATE.MANIFEST
C:\USERS\SUBARNA\DOCUMENTS\SUBARNA\UCSD_DOCS\CODES\STREAMGBH+\MOTION_GBH_STREAM_ORIG\GBH_STREAM_X64\GBH_STREAM\DEBUG\GBH_STREAM.OBJ
C:\Users\subarna\Documents\subarna\UCSD_docs\Codes\StreamGBH+\motion_gbh_stream_orig\gbh_stream_x64\gbh_stream\Debug\gbh_stream.vcxprojResolveAssemblyReference.cache
C:\Users\subarna\Documents\subarna\UCSD_docs\Codes\StreamGBH+\motion_gbh_stream_orig\gbh_stream_x64\gbh_stream\Debug\gbh_stream.write.1.tlog
C:\Users\subarna\Documents\subarna\UCSD_docs\Codes\StreamGBH+\motion_gbh_stream_orig\gbh_stream_x64\gbh_stream\Debug\gbh_stream_manifest.rc
C:\Users\subarna\Documents\subarna\UCSD_docs\Codes\StreamGBH+\motion_gbh_stream_orig\gbh_stream_x64\gbh_stream\Debug\link.13892.read.1.tlog
C:\Users\subarna\Documents\subarna\UCSD_docs\Codes\StreamGBH+\motion_gbh_stream_orig\gbh_stream_x64\gbh_stream\Debug\link.13892.write.1.tlog
C:\Users\subarna\Documents\subarna\UCSD_docs\Codes\StreamGBH+\motion_gbh_stream_orig\gbh_stream_x64\gbh_stream\Debug\link.13892-cvtres.read.1.tlog
C:\Users\subarna\Documents\subarna\UCSD_docs\Codes\StreamGBH+\motion_gbh_stream_orig\gbh_stream_x64\gbh_stream\Debug\link.13892-cvtres.write.1.tlog
C:\Users\subarna\Documents\subarna\UCSD_docs\Codes\StreamGBH+\motion_gbh_stream_orig\gbh_stream_x64\gbh_stream\Debug\link.14080.read.1.tlog
C:\Users\subarna\Documents\subarna\UCSD_docs\Codes\StreamGBH+\motion_gbh_stream_orig\gbh_stream_x64\gbh_stream\Debug\link.14080.write.1.tlog
C:\Users\subarna\Documents\subarna\UCSD_docs\Codes\StreamGBH+\motion_gbh_stream_orig\gbh_stream_x64\gbh_stream\Debug\link.14080-cvtres.read.1.tlog
C:\Users\subarna\Documents\subarna\UCSD_docs\Codes\StreamGBH+\motion_gbh_stream_orig\gbh_stream_x64\gbh_stream\Debug\link.14080-cvtres.write.1.tlog
C:\Users\subarna\Documents\subarna\UCSD_docs\Codes\StreamGBH+\motion_gbh_stream_orig\gbh_stream_x64\gbh_stream\Debug\link.14844.read.1.tlog
C:\Users\subarna\Documents\subarna\UCSD_docs\Codes\StreamGBH+\motion_gbh_stream_orig\gbh_stream_x64\gbh_stream\Debug\link.14844.write.1.tlog
C:\Users\subarna\Documents\subarna\UCSD_docs\Codes\StreamGBH+\motion_gbh_stream_orig\gbh_stream_x64\gbh_stream\Debug\link.14844-cvtres.read.1.tlog
C:\Users\subarna\Documents\subarna\UCSD_docs\Codes\StreamGBH+\motion_gbh_stream_orig\gbh_stream_x64\gbh_stream\Debug\link.14844-cvtres.write.1.tlog
C:\Users\subarna\Documents\subarna\UCSD_docs\Codes\StreamGBH+\motion_gbh_stream_orig\gbh_stream_x64\gbh_stream\Debug\link.15448.read.1.tlog
C:\Users\subarna\Documents\subarna\UCSD_docs\Codes\StreamGBH+\motion_gbh_stream_orig\gbh_stream_x64\gbh_stream\Debug\link.15448.write.1.tlog
C:\Users\subarna\Documents\subarna\UCSD_docs\Codes\StreamGBH+\motion_gbh_stream_orig\gbh_stream_x64\gbh_stream\Debug\link.15448-cvtres.read.1.tlog
C:\Users\subarna\Documents\subarna\UCSD_docs\Codes\StreamGBH+\motion_gbh_stream_orig\gbh_stream_x64\gbh_stream\Debug\link.15448-cvtres.write.1.tlog
C:\Users\subarna\Documents\subarna\UCSD_docs\Codes\StreamGBH+\motion_gbh_stream_orig\gbh_stream_x64\gbh_stream\Debug\link.15704.read.1.tlog
C:\Users\subarna\Documents\subarna\UCSD_docs\Codes\StreamGBH+\motion_gbh_stream_orig\gbh_stream_x64\gbh_stream\Debug\link.15704.write.1.tlog
C:\Users\subarna\Documents\subarna\UCSD_docs\Codes\StreamGBH+\motion_gbh_stream_orig\gbh_stream_x64\gbh_stream\Debug\link.15704-cvtres.read.1.tlog
C:\Users\subarna\Documents\subarna\UCSD_docs\Codes\StreamGBH+\motion_gbh_stream_orig\gbh_stream_x64\gbh_stream\Debug\link.15704-cvtres.write.1.tlog
C:\Users\subarna\Documents\subarna\UCSD_docs\Codes\StreamGBH+\motion_gbh_stream_orig\gbh_stream_x64\gbh_stream\Debug\link.15760.read.1.tlog
C:\Users\subarna\Documents\subarna\UCSD_docs\Codes\StreamGBH+\motion_gbh_stream_orig\gbh_stream_x64\gbh_stream\Debug\link.15760.write.1.tlog
C:\Users\subarna\Documents\subarna\UCSD_docs\Codes\StreamGBH+\motion_gbh_stream_orig\gbh_stream_x64\gbh_stream\Debug\link.15760-cvtres.read.1.tlog
C:\Users\subarna\Documents\subarna\UCSD_docs\Codes\StreamGBH+\motion_gbh_stream_orig\gbh_stream_x64\gbh_stream\Debug\link.15760-cvtres.write.1.tlog
C:\Users\subarna\Documents\subarna\UCSD_docs\Codes\StreamGBH+\motion_gbh_stream_orig\gbh_stream_x64\gbh_stream\Debug\link.15848.read.1.tlog
C:\Users\subarna\Documents\subarna\UCSD_docs\Codes\StreamGBH+\motion_gbh_stream_orig\gbh_stream_x64\gbh_stream\Debug\link.15848.write.1.tlog
C:\Users\subarna\Documents\subarna\UCSD_docs\Codes\StreamGBH+\motion_gbh_stream_orig\gbh_stream_x64\gbh_stream\Debug\link.15848-cvtres.read.1.tlog
C:\Users\subarna\Documents\subarna\UCSD_docs\Codes\StreamGBH+\motion_gbh_stream_orig\gbh_stream_x64\gbh_stream\Debug\link.15848-cvtres.write.1.tlog
C:\Users\subarna\Documents\subarna\UCSD_docs\Codes\StreamGBH+\motion_gbh_stream_orig\gbh_stream_x64\gbh_stream\Debug\link.16040.read.1.tlog
C:\Users\subarna\Documents\subarna\UCSD_docs\Codes\StreamGBH+\motion_gbh_stream_orig\gbh_stream_x64\gbh_stream\Debug\link.16040.write.1.tlog
C:\Users\subarna\Documents\subarna\UCSD_docs\Codes\StreamGBH+\motion_gbh_stream_orig\gbh_stream_x64\gbh_stream\Debug\link.16040-cvtres.read.1.tlog
C:\Users\subarna\Documents\subarna\UCSD_docs\Codes\StreamGBH+\motion_gbh_stream_orig\gbh_stream_x64\gbh_stream\Debug\link.16040-cvtres.write.1.tlog
C:\Users\subarna\Documents\subarna\UCSD_docs\Codes\StreamGBH+\motion_gbh_stream_orig\gbh_stream_x64\gbh_stream\Debug\link.16532.read.1.tlog
C:\Users\subarna\Documents\subarna\UCSD_docs\Codes\StreamGBH+\motion_gbh_stream_orig\gbh_stream_x64\gbh_stream\Debug\link.16532.write.1.tlog
C:\Users\subarna\Documents\subarna\UCSD_docs\Codes\StreamGBH+\motion_gbh_stream_orig\gbh_stream_x64\gbh_stream\Debug\link.16532-cvtres.read.1.tlog
C:\Users\subarna\Documents\subarna\UCSD_docs\Codes\StreamGBH+\motion_gbh_stream_orig\gbh_stream_x64\gbh_stream\Debug\link.16532-cvtres.write.1.tlog
C:\Users\subarna\Documents\subarna\UCSD_docs\Codes\StreamGBH+\motion_gbh_stream_orig\gbh_stream_x64\gbh_stream\Debug\link.16604.read.1.tlog
C:\Users\subarna\Documents\subarna\UCSD_docs\Codes\StreamGBH+\motion_gbh_stream_orig\gbh_stream_x64\gbh_stream\Debug\link.16604.write.1.tlog
C:\Users\subarna\Documents\subarna\UCSD_docs\Codes\StreamGBH+\motion_gbh_stream_orig\gbh_stream_x64\gbh_stream\Debug\link.16604-cvtres.read.1.tlog
C:\Users\subarna\Documents\subarna\UCSD_docs\Codes\StreamGBH+\motion_gbh_stream_orig\gbh_stream_x64\gbh_stream\Debug\link.16604-cvtres.write.1.tlog
C:\Users\subarna\Documents\subarna\UCSD_docs\Codes\StreamGBH+\motion_gbh_stream_orig\gbh_stream_x64\gbh_stream\Debug\link.17136.read.1.tlog
C:\Users\subarna\Documents\subarna\UCSD_docs\Codes\StreamGBH+\motion_gbh_stream_orig\gbh_stream_x64\gbh_stream\Debug\link.17136.write.1.tlog
C:\Users\subarna\Documents\subarna\UCSD_docs\Codes\StreamGBH+\motion_gbh_stream_orig\gbh_stream_x64\gbh_stream\Debug\link.17136-cvtres.read.1.tlog
C:\Users\subarna\Documents\subarna\UCSD_docs\Codes\StreamGBH+\motion_gbh_stream_orig\gbh_stream_x64\gbh_stream\Debug\link.17136-cvtres.write.1.tlog
C:\Users\subarna\Documents\subarna\UCSD_docs\Codes\StreamGBH+\motion_gbh_stream_orig\gbh_stream_x64\gbh_stream\Debug\link.17484.read.1.tlog
C:\Users\subarna\Documents\subarna\UCSD_docs\Codes\StreamGBH+\motion_gbh_stream_orig\gbh_stream_x64\gbh_stream\Debug\link.17484.write.1.tlog
C:\Users\subarna\Documents\subarna\UCSD_docs\Codes\StreamGBH+\motion_gbh_stream_orig\gbh_stream_x64\gbh_stream\Debug\link.17484-cvtres.read.1.tlog
C:\Users\subarna\Documents\subarna\UCSD_docs\Codes\StreamGBH+\motion_gbh_stream_orig\gbh_stream_x64\gbh_stream\Debug\link.17484-cvtres.write.1.tlog
C:\Users\subarna\Documents\subarna\UCSD_docs\Codes\StreamGBH+\motion_gbh_stream_orig\gbh_stream_x64\gbh_stream\Debug\link.17936.read.1.tlog
C:\Users\subarna\Documents\subarna\UCSD_docs\Codes\StreamGBH+\motion_gbh_stream_orig\gbh_stream_x64\gbh_stream\Debug\link.17936.write.1.tlog
C:\Users\subarna\Documents\subarna\UCSD_docs\Codes\StreamGBH+\motion_gbh_stream_orig\gbh_stream_x64\gbh_stream\Debug\link.17936-cvtres.read.1.tlog
C:\Users\subarna\Documents\subarna\UCSD_docs\Codes\StreamGBH+\motion_gbh_stream_orig\gbh_stream_x64\gbh_stream\Debug\link.17936-cvtres.write.1.tlog
C:\Users\subarna\Documents\subarna\UCSD_docs\Codes\StreamGBH+\motion_gbh_stream_orig\gbh_stream_x64\gbh_stream\Debug\link.17960.read.1.tlog
C:\Users\subarna\Documents\subarna\UCSD_docs\Codes\StreamGBH+\motion_gbh_stream_orig\gbh_stream_x64\gbh_stream\Debug\link.17960.write.1.tlog
C:\Users\subarna\Documents\subarna\UCSD_docs\Codes\StreamGBH+\motion_gbh_stream_orig\gbh_stream_x64\gbh_stream\Debug\link.17960-cvtres.read.1.tlog
C:\Users\subarna\Documents\subarna\UCSD_docs\Codes\StreamGBH+\motion_gbh_stream_orig\gbh_stream_x64\gbh_stream\Debug\link.17960-cvtres.write.1.tlog
C:\Users\subarna\Documents\subarna\UCSD_docs\Codes\StreamGBH+\motion_gbh_stream_orig\gbh_stream_x64\gbh_stream\Debug\link.17972.read.1.tlog
C:\Users\subarna\Documents\subarna\UCSD_docs\Codes\StreamGBH+\motion_gbh_stream_orig\gbh_stream_x64\gbh_stream\Debug\link.17972.write.1.tlog
C:\Users\subarna\Documents\subarna\UCSD_docs\Codes\StreamGBH+\motion_gbh_stream_orig\gbh_stream_x64\gbh_stream\Debug\link.17972-cvtres.read.1.tlog
C:\Users\subarna\Documents\subarna\UCSD_docs\Codes\StreamGBH+\motion_gbh_stream_orig\gbh_stream_x64\gbh_stream\Debug\link.17972-cvtres.write.1.tlog
C:\Users\subarna\Documents\subarna\UCSD_docs\Codes\StreamGBH+\motion_gbh_stream_orig\gbh_stream_x64\gbh_stream\Debug\link.17976.read.1.tlog
C:\Users\subarna\Documents\subarna\UCSD_docs\Codes\StreamGBH+\motion_gbh_stream_orig\gbh_stream_x64\gbh_stream\Debug\link.17976.write.1.tlog
C:\Users\subarna\Documents\subarna\UCSD_docs\Codes\StreamGBH+\motion_gbh_stream_orig\gbh_stream_x64\gbh_stream\Debug\link.17976-cvtres.read.1.tlog
C:\Users\subarna\Documents\subarna\UCSD_docs\Codes\StreamGBH+\motion_gbh_stream_orig\gbh_stream_x64\gbh_stream\Debug\link.17976-cvtres.write.1.tlog
C:\Users\subarna\Documents\subarna\UCSD_docs\Codes\StreamGBH+\motion_gbh_stream_orig\gbh_stream_x64\gbh_stream\Debug\link.18324.read.1.tlog
C:\Users\subarna\Documents\subarna\UCSD_docs\Codes\StreamGBH+\motion_gbh_stream_orig\gbh_stream_x64\gbh_stream\Debug\link.18324.write.1.tlog
C:\Users\subarna\Documents\subarna\UCSD_docs\Codes\StreamGBH+\motion_gbh_stream_orig\gbh_stream_x64\gbh_stream\Debug\link.18324-cvtres.read.1.tlog
C:\Users\subarna\Documents\subarna\UCSD_docs\Codes\StreamGBH+\motion_gbh_stream_orig\gbh_stream_x64\gbh_stream\Debug\link.18324-cvtres.write.1.tlog
C:\Users\subarna\Documents\subarna\UCSD_docs\Codes\StreamGBH+\motion_gbh_stream_orig\gbh_stream_x64\gbh_stream\Debug\link.3952.read.1.tlog
C:\Users\subarna\Documents\subarna\UCSD_docs\Codes\StreamGBH+\motion_gbh_stream_orig\gbh_stream_x64\gbh_stream\Debug\link.3952.write.1.tlog
C:\Users\subarna\Documents\subarna\UCSD_docs\Codes\StreamGBH+\motion_gbh_stream_orig\gbh_stream_x64\gbh_stream\Debug\link.3952-cvtres.read.1.tlog
C:\Users\subarna\Documents\subarna\UCSD_docs\Codes\StreamGBH+\motion_gbh_stream_orig\gbh_stream_x64\gbh_stream\Debug\link.3952-cvtres.write.1.tlog
C:\Users\subarna\Documents\subarna\UCSD_docs\Codes\StreamGBH+\motion_gbh_stream_orig\gbh_stream_x64\gbh_stream\Debug\link.5156.read.1.tlog
C:\Users\subarna\Documents\subarna\UCSD_docs\Codes\StreamGBH+\motion_gbh_stream_orig\gbh_stream_x64\gbh_stream\Debug\link.5156.write.1.tlog
C:\Users\subarna\Documents\subarna\UCSD_docs\Codes\StreamGBH+\motion_gbh_stream_orig\gbh_stream_x64\gbh_stream\Debug\link.5156-cvtres.read.1.tlog
C:\Users\subarna\Documents\subarna\UCSD_docs\Codes\StreamGBH+\motion_gbh_stream_orig\gbh_stream_x64\gbh_stream\Debug\link.5156-cvtres.write.1.tlog
C:\Users\subarna\Documents\subarna\UCSD_docs\Codes\StreamGBH+\motion_gbh_stream_orig\gbh_stream_x64\gbh_stream\Debug\link.8036.read.1.tlog
C:\Users\subarna\Documents\subarna\UCSD_docs\Codes\StreamGBH+\motion_gbh_stream_orig\gbh_stream_x64\gbh_stream\Debug\link.8036.write.1.tlog
C:\Users\subarna\Documents\subarna\UCSD_docs\Codes\StreamGBH+\motion_gbh_stream_orig\gbh_stream_x64\gbh_stream\Debug\link.8036-cvtres.read.1.tlog
C:\Users\subarna\Documents\subarna\UCSD_docs\Codes\StreamGBH+\motion_gbh_stream_orig\gbh_stream_x64\gbh_stream\Debug\link.8036-cvtres.write.1.tlog
C:\Users\subarna\Documents\subarna\UCSD_docs\Codes\StreamGBH+\motion_gbh_stream_orig\gbh_stream_x64\gbh_stream\Debug\link.844.read.1.tlog
C:\Users\subarna\Documents\subarna\UCSD_docs\Codes\StreamGBH+\motion_gbh_stream_orig\gbh_stream_x64\gbh_stream\Debug\link.844.write.1.tlog
C:\Users\subarna\Documents\subarna\UCSD_docs\Codes\StreamGBH+\motion_gbh_stream_orig\gbh_stream_x64\gbh_stream\Debug\link.844-cvtres.read.1.tlog
C:\Users\subarna\Documents\subarna\UCSD_docs\Codes\StreamGBH+\motion_gbh_stream_orig\gbh_stream_x64\gbh_stream\Debug\link.844-cvtres.write.1.tlog
C:\Users\subarna\Documents\subarna\UCSD_docs\Codes\StreamGBH+\motion_gbh_stream_orig\gbh_stream_x64\gbh_stream\Debug\link.command.1.tlog
C:\Users\subarna\Documents\subarna\UCSD_docs\Codes\StreamGBH+\motion_gbh_stream_orig\gbh_stream_x64\gbh_stream\Debug\link.read.1.tlog
C:\Users\subarna\Documents\subarna\UCSD_docs\Codes\StreamGBH+\motion_gbh_stream_orig\gbh_stream_x64\gbh_stream\Debug\link.write.1.tlog
C:\Users\subarna\Documents\subarna\UCSD_docs\Codes\StreamGBH+\motion_gbh_stream_orig\gbh_stream_x64\gbh_stream\Debug\link-cvtres.read.1.tlog
C:\Users\subarna\Documents\subarna\UCSD_docs\Codes\StreamGBH+\motion_gbh_stream_orig\gbh_stream_x64\gbh_stream\Debug\link-cvtres.write.1.tlog
C:\Users\subarna\Documents\subarna\UCSD_docs\Codes\StreamGBH+\motion_gbh_stream_orig\gbh_stream_x64\gbh_stream\Debug\mt.command.1.tlog
C:\Users\subarna\Documents\subarna\UCSD_docs\Codes\StreamGBH+\motion_gbh_stream_orig\gbh_stream_x64\gbh_stream\Debug\mt.read.1.tlog
C:\Users\subarna\Documents\subarna\UCSD_docs\Codes\StreamGBH+\motion_gbh_stream_orig\gbh_stream_x64\gbh_stream\Debug\mt.write.1.tlog
C:\Users\subarna\Documents\subarna\UCSD_docs\Codes\StreamGBH+\motion_gbh_stream_orig\gbh_stream_x64\gbh_stream\Debug\rc.command.1.tlog
C:\Users\subarna\Documents\subarna\UCSD_docs\Codes\StreamGBH+\motion_gbh_stream_orig\gbh_stream_x64\gbh_stream\Debug\rc.read.1.tlog
C:\Users\subarna\Documents\subarna\UCSD_docs\Codes\StreamGBH+\motion_gbh_stream_orig\gbh_stream_x64\gbh_stream\Debug\rc.write.1.tlog
C:\Users\subarna\Documents\subarna\UCSD_docs\Codes\StreamGBH+\motion_gbh_stream_orig\gbh_stream_x64\gbh_stream\Debug\vc100.idb
C:\USERS\SUBARNA\DOCUMENTS\SUBARNA\UCSD_DOCS\CODES\STREAMGBH+\MOTION_GBH_STREAM_ORIG\GBH_STREAM_X64\GBH_STREAM\DEBUG\VC100.PDB
