C:\Users\subarna\Documents\subarna\UCSD_docs\Codes\StreamGBH+\motion_gbh_stream_orig\gbh_stream_x64\gbh_stream\x64\Debug\cl.command.1.tlog
C:\Users\subarna\Documents\subarna\UCSD_docs\Codes\StreamGBH+\motion_gbh_stream_orig\gbh_stream_x64\gbh_stream\x64\Debug\CL.read.1.tlog
C:\Users\subarna\Documents\subarna\UCSD_docs\Codes\StreamGBH+\motion_gbh_stream_orig\gbh_stream_x64\gbh_stream\x64\Debug\CL.write.1.tlog
C:\USERS\SUBARNA\DOCUMENTS\SUBARNA\UCSD_DOCS\CODES\STREAMGBH+\MOTION_GBH_STREAM_ORIG\GBH_STREAM_X64\GBH_STREAM\X64\DEBUG\GBH_STREAM.EXE.EMBED.MANIFEST
C:\USERS\SUBARNA\DOCUMENTS\SUBARNA\UCSD_DOCS\CODES\STREAMGBH+\MOTION_GBH_STREAM_ORIG\GBH_STREAM_X64\GBH_STREAM\X64\DEBUG\GBH_STREAM.EXE.EMBED.MANIFEST.RES
C:\USERS\SUBARNA\DOCUMENTS\SUBARNA\UCSD_DOCS\CODES\STREAMGBH+\MOTION_GBH_STREAM_ORIG\GBH_STREAM_X64\GBH_STREAM\X64\DEBUG\GBH_STREAM.EXE.INTERMEDIATE.MANIFEST
C:\USERS\SUBARNA\DOCUMENTS\SUBARNA\UCSD_DOCS\CODES\STREAMGBH+\MOTION_GBH_STREAM_ORIG\GBH_STREAM_X64\GBH_STREAM\X64\DEBUG\GBH_STREAM.OBJ
C:\Users\subarna\Documents\subarna\UCSD_docs\Codes\StreamGBH+\motion_gbh_stream_orig\gbh_stream_x64\gbh_stream\x64\Debug\gbh_stream.vcxprojResolveAssemblyReference.cache
C:\Users\subarna\Documents\subarna\UCSD_docs\Codes\StreamGBH+\motion_gbh_stream_orig\gbh_stream_x64\gbh_stream\x64\Debug\gbh_stream.write.1.tlog
C:\Users\subarna\Documents\subarna\UCSD_docs\Codes\StreamGBH+\motion_gbh_stream_orig\gbh_stream_x64\gbh_stream\x64\Debug\gbh_stream_manifest.rc
C:\Users\subarna\Documents\subarna\UCSD_docs\Codes\StreamGBH+\motion_gbh_stream_orig\gbh_stream_x64\gbh_stream\x64\Debug\link.8368.read.1.tlog
C:\Users\subarna\Documents\subarna\UCSD_docs\Codes\StreamGBH+\motion_gbh_stream_orig\gbh_stream_x64\gbh_stream\x64\Debug\link.8368.write.1.tlog
C:\Users\subarna\Documents\subarna\UCSD_docs\Codes\StreamGBH+\motion_gbh_stream_orig\gbh_stream_x64\gbh_stream\x64\Debug\link.8368-cvtres.read.1.tlog
C:\Users\subarna\Documents\subarna\UCSD_docs\Codes\StreamGBH+\motion_gbh_stream_orig\gbh_stream_x64\gbh_stream\x64\Debug\link.8368-cvtres.write.1.tlog
C:\Users\subarna\Documents\subarna\UCSD_docs\Codes\StreamGBH+\motion_gbh_stream_orig\gbh_stream_x64\gbh_stream\x64\Debug\link.command.1.tlog
C:\Users\subarna\Documents\subarna\UCSD_docs\Codes\StreamGBH+\motion_gbh_stream_orig\gbh_stream_x64\gbh_stream\x64\Debug\link.read.1.tlog
C:\Users\subarna\Documents\subarna\UCSD_docs\Codes\StreamGBH+\motion_gbh_stream_orig\gbh_stream_x64\gbh_stream\x64\Debug\link.write.1.tlog
C:\Users\subarna\Documents\subarna\UCSD_docs\Codes\StreamGBH+\motion_gbh_stream_orig\gbh_stream_x64\gbh_stream\x64\Debug\link-cvtres.read.1.tlog
C:\Users\subarna\Documents\subarna\UCSD_docs\Codes\StreamGBH+\motion_gbh_stream_orig\gbh_stream_x64\gbh_stream\x64\Debug\link-cvtres.write.1.tlog
C:\Users\subarna\Documents\subarna\UCSD_docs\Codes\StreamGBH+\motion_gbh_stream_orig\gbh_stream_x64\gbh_stream\x64\Debug\mt.command.1.tlog
C:\Users\subarna\Documents\subarna\UCSD_docs\Codes\StreamGBH+\motion_gbh_stream_orig\gbh_stream_x64\gbh_stream\x64\Debug\mt.read.1.tlog
C:\Users\subarna\Documents\subarna\UCSD_docs\Codes\StreamGBH+\motion_gbh_stream_orig\gbh_stream_x64\gbh_stream\x64\Debug\mt.write.1.tlog
C:\Users\subarna\Documents\subarna\UCSD_docs\Codes\StreamGBH+\motion_gbh_stream_orig\gbh_stream_x64\gbh_stream\x64\Debug\rc.command.1.tlog
C:\Users\subarna\Documents\subarna\UCSD_docs\Codes\StreamGBH+\motion_gbh_stream_orig\gbh_stream_x64\gbh_stream\x64\Debug\rc.read.1.tlog
C:\Users\subarna\Documents\subarna\UCSD_docs\Codes\StreamGBH+\motion_gbh_stream_orig\gbh_stream_x64\gbh_stream\x64\Debug\rc.write.1.tlog
C:\Users\subarna\Documents\subarna\UCSD_docs\Codes\StreamGBH+\motion_gbh_stream_orig\gbh_stream_x64\gbh_stream\x64\Debug\vc100.idb
C:\USERS\SUBARNA\DOCUMENTS\SUBARNA\UCSD_DOCS\CODES\STREAMGBH+\MOTION_GBH_STREAM_ORIG\GBH_STREAM_X64\GBH_STREAM\X64\DEBUG\VC100.PDB
C:\USERS\SUBARNA\DOCUMENTS\SUBARNA\UCSD_DOCS\CODES\STREAMGBH+\MOTION_GBH_STREAM_ORIG\GBH_STREAM_X64\X64\DEBUG\GBH_STREAM.EXE
C:\USERS\SUBARNA\DOCUMENTS\SUBARNA\UCSD_DOCS\CODES\STREAMGBH+\MOTION_GBH_STREAM_ORIG\GBH_STREAM_X64\X64\DEBUG\GBH_STREAM.ILK
C:\USERS\SUBARNA\DOCUMENTS\SUBARNA\UCSD_DOCS\CODES\STREAMGBH+\MOTION_GBH_STREAM_ORIG\GBH_STREAM_X64\X64\DEBUG\GBH_STREAM.PDB
